[1107/224437:ERROR:scoped_process_suspend.cc(30)] NtSuspendProcess: An attempt was made to access an exiting process.  (0xc000010a)
[1107/224439:ERROR:process_info.cc(103)] ReadProcessMemory bool __cdecl crashpad::`anonymous-namespace'::ReadStruct<struct crashpad::process_types::PEB<struct crashpad::process_types::internal::Traits32>>(void *,unsigned __int64,struct crashpad::process_types::PEB<struct crashpad::process_types::internal::Traits32> *): Only part of a ReadProcessMemory or WriteProcessMemory request was completed. (0x12B)
[1107/224439:ERROR:process_info.cc(542)] ReadProcessData failed
[1107/224440:ERROR:process_reader_win.cc(233)] ReadMemory at 0xb31bfc of 12 bytes failed: Only part of a ReadProcessMemory or WriteProcessMemory request was completed. (0x12B)
[1107/224440:WARNING:process_snapshot_win.cc(68)] ReadMemory ExceptionInformation failed
[1107/224440:WARNING:crash_report_exception_handler.cc(56)] ProcessSnapshotWin::Initialize failed
[1107/230547:ERROR:process_info.cc(608)] range at 0x0, size 0x24 fully unreadable
[1107/230547:ERROR:process_reader_win.cc(233)] ReadMemory at 0x0 of 36 bytes failed: Only part of a ReadProcessMemory or WriteProcessMemory request was completed. (0x12B)
[1107/230547:ERROR:process_snapshot_win.cc(363)] ReadMemory PEB_LDR_DATA
[1107/230547:ERROR:process_reader_win.cc(233)] ReadMemory at 0x0 of 784 bytes failed: Only part of a ReadProcessMemory or WriteProcessMemory request was completed. (0x12B)
[1107/230547:ERROR:process_snapshot_win.cc(386)] ReadMemory RTL_USER_PROCESS_PARAMETERS
[1107/230547:ERROR:process_reader_win.cc(233)] ReadMemory at 0x76c73460 of 28 bytes failed: Only part of a ReadProcessMemory or WriteProcessMemory request was completed. (0x12B)
[1107/230547:WARNING:pe_image_reader.cc(135)] could not read data directory from C:\Windows\system32\msvcrt.dll
[1107/230547:ERROR:process_reader_win.cc(233)] ReadMemory at 0x751c0000 of 64 bytes failed: Only part of a ReadProcessMemory or WriteProcessMemory request was completed. (0x12B)
[1107/230547:WARNING:pe_image_reader.cc(281)] could not read dos header from C:\Windows\system32\RPCRT4.dll
[1107/230547:ERROR:process_reader_win.cc(233)] ReadMemory at 0x76b90000 of 64 bytes failed: Only part of a ReadProcessMemory or WriteProcessMemory request was completed. (0x12B)
[1107/230547:WARNING:pe_image_reader.cc(281)] could not read dos header from C:\Windows\SYSTEM32\sechost.dll
[1107/230547:ERROR:process_reader_win.cc(233)] ReadMemory at 0x766f0000 of 64 bytes failed: Only part of a ReadProcessMemory or WriteProcessMemory request was completed. (0x12B)
[1107/230547:WARNING:pe_image_reader.cc(281)] could not read dos header from C:\Windows\system32\ADVAPI32.dll
[1107/230547:ERROR:process_reader_win.cc(233)] ReadMemory at 0x58fe0000 of 64 bytes failed: Only part of a ReadProcessMemory or WriteProcessMemory request was completed. (0x12B)
[1107/230547:WARNING:pe_image_reader.cc(281)] could not read dos header from C:\Program Files\Google\Chrome\Application\53.0.2785.143\chrome_elf.dll
[1107/230547:ERROR:process_reader_win.cc(233)] ReadMemory at 0x70b10000 of 64 bytes failed: Only part of a ReadProcessMemory or WriteProcessMemory request was completed. (0x12B)
[1107/230547:WARNING:pe_image_reader.cc(281)] could not read dos header from C:\Windows\SYSTEM32\VERSION.dll
[1107/230547:ERROR:process_reader_win.cc(233)] ReadMemory at 0x76920000 of 64 bytes failed: Only part of a ReadProcessMemory or WriteProcessMemory request was completed. (0x12B)
[1107/230547:WARNING:pe_image_reader.cc(281)] could not read dos header from C:\Windows\system32\GDI32.dll
[1107/230547:ERROR:process_reader_win.cc(233)] ReadMemory at 0x77040000 of 64 bytes failed: Only part of a ReadProcessMemory or WriteProcessMemory request was completed. (0x12B)
[1107/230547:WARNING:pe_image_reader.cc(281)] could not read dos header from C:\Windows\system32\USER32.dll
[1107/230547:ERROR:process_reader_win.cc(233)] ReadMemory at 0x508b0000 of 64 bytes failed: Only part of a ReadProcessMemory or WriteProcessMemory request was completed. (0x12B)
[1107/230547:WARNING:pe_image_reader.cc(281)] could not read dos header from C:\Program Files\Kaspersky Lab\Kaspersky Total Security 17.0.0\inproc_agent.dll
[1107/230547:ERROR:process_reader_win.cc(233)] ReadMemory at 0x54bf0000 of 64 bytes failed: Only part of a ReadProcessMemory or WriteProcessMemory request was completed. (0x12B)
[1107/230547:WARNING:pe_image_reader.cc(281)] could not read dos header from C:\ProgramData\Kaspersky Lab\AVP17.0.0\Bases\klsihk.dll
[1107/230547:ERROR:process_reader_win.cc(233)] ReadMemory at 0x776a0000 of 64 bytes failed: Only part of a ReadProcessMemory or WriteProcessMemory request was completed. (0x12B)
[1107/230547:WARNING:pe_image_reader.cc(281)] could not read dos header from C:\Windows\system32\MSCTF.dll
[1107/230547:ERROR:process_reader_win.cc(233)] ReadMemory at 0x766c0000 of 64 bytes failed: Only part of a ReadProcessMemory or WriteProcessMemory request was completed. (0x12B)
[1107/230547:WARNING:pe_image_reader.cc(281)] could not read dos header from C:\Windows\system32\IMM32.DLL
[1107/230547:ERROR:process_reader_win.cc(233)] ReadMemory at 0x74f90000 of 64 bytes failed: Only part of a ReadProcessMemory or WriteProcessMemory request was completed. (0x12B)
[1107/230547:WARNING:pe_image_reader.cc(281)] could not read dos header from C:\Windows\SYSTEM32\cfgmgr32.dll
[1107/230547:ERROR:process_reader_win.cc(233)] ReadMemory at 0x75110000 of 64 bytes failed: Only part of a ReadProcessMemory or WriteProcessMemory request was completed. (0x12B)
[1107/230547:WARNING:pe_image_reader.cc(281)] could not read dos header from C:\Windows\system32\DEVOBJ.dll
[1107/230547:ERROR:process_reader_win.cc(233)] ReadMemory at 0x697c0000 of 64 bytes failed: Only part of a ReadProcessMemory or WriteProcessMemory request was completed. (0x12B)
[1107/230547:WARNING:pe_image_reader.cc(281)] could not read dos header from C:\Windows\SYSTEM32\WINMMBASE.dll
[1107/230547:ERROR:process_reader_win.cc(233)] ReadMemory at 0x697f0000 of 64 bytes failed: Only part of a ReadProcessMemory or WriteProcessMemory request was completed. (0x12B)
[1107/230547:WARNING:pe_image_reader.cc(281)] could not read dos header from C:\Windows\SYSTEM32\WINMM.dll
[1107/230547:ERROR:process_reader_win.cc(233)] ReadMemory at 0x74dc0000 of 64 bytes failed: Only part of a ReadProcessMemory or WriteProcessMemory request was completed. (0x12B)
[1107/230547:WARNING:pe_image_reader.cc(281)] could not read dos header from C:\Windows\system32\profapi.dll
[1107/230547:ERROR:process_reader_win.cc(233)] ReadMemory at 0x74fe0000 of 64 bytes failed: Only part of a ReadProcessMemory or WriteProcessMemory request was completed. (0x12B)
[1107/230547:WARNING:pe_image_reader.cc(281)] could not read dos header from C:\Windows\system32\USERENV.dll
[1107/230547:ERROR:process_reader_win.cc(233)] ReadMemory at 0x74ca0000 of 64 bytes failed: Only part of a ReadProcessMemory or WriteProcessMemory request was completed. (0x12B)
[1107/230547:WARNING:pe_image_reader.cc(281)] could not read dos header from C:\Windows\SYSTEM32\WTSAPI32.dll
[1107/230547:ERROR:process_reader_win.cc(233)] ReadMemory at 0x76450000 of 64 bytes failed: Only part of a ReadProcessMemory or WriteProcessMemory request was completed. (0x12B)
[1107/230547:WARNING:pe_image_reader.cc(281)] could not read dos header from C:\Windows\SYSTEM32\combase.dll
[1107/230547:ERROR:process_reader_win.cc(233)] ReadMemory at 0x703b0000 of 64 bytes failed: Only part of a ReadProcessMemory or WriteProcessMemory request was completed. (0x12B)
[1107/230547:WARNING:pe_image_reader.cc(281)] could not read dos header from C:\Windows\SYSTEM32\WINHTTP.dll
[1107/230547:ERROR:process_reader_win.cc(233)] ReadMemory at 0x50780000 of 64 bytes failed: Only part of a ReadProcessMemory or WriteProcessMemory request was completed. (0x12B)
[1107/230547:WARNING:pe_image_reader.cc(281)] could not read dos header from C:\Windows\SYSTEM32\dbghelp.dll
[1107/230547:ERROR:process_reader_win.cc(233)] ReadMemory at 0x74b90000 of 64 bytes failed: Only part of a ReadProcessMemory or WriteProcessMemory request was completed. (0x12B)
[1107/230547:WARNING:pe_image_reader.cc(281)] could not read dos header from C:\Windows\SYSTEM32\bcryptPrimitives.dll
[1107/230547:ERROR:process_reader_win.cc(233)] ReadMemory at 0x74bf0000 of 64 bytes failed: Only part of a ReadProcessMemory or WriteProcessMemory request was completed. (0x12B)
[1107/230547:WARNING:pe_image_reader.cc(281)] could not read dos header from C:\Windows\SYSTEM32\CRYPTBASE.dll
[1107/230547:ERROR:process_reader_win.cc(233)] ReadMemory at 0x77260000 of 64 bytes failed: Only part of a ReadProcessMemory or WriteProcessMemory request was completed. (0x12B)
[1107/230547:WARNING:pe_image_reader.cc(281)] could not read dos header from C:\Windows\system32\SHLWAPI.dll
[1107/230547:ERROR:process_reader_win.cc(233)] ReadMemory at 0x75380000 of 64 bytes failed: Only part of a ReadProcessMemory or WriteProcessMemory request was completed. (0x12B)
[1107/230547:WARNING:pe_image_reader.cc(281)] could not read dos header from C:\Windows\system32\SHELL32.dll
[1107/230547:ERROR:process_reader_win.cc(233)] ReadMemory at 0x77160000 of 64 bytes failed: Only part of a ReadProcessMemory or WriteProcessMemory request was completed. (0x12B)
[1107/230547:WARNING:pe_image_reader.cc(281)] could not read dos header from C:\Windows\SYSTEM32\shcore.dll
[1107/230547:ERROR:process_reader_win.cc(233)] ReadMemory at 0x77630000 of 64 bytes failed: Only part of a ReadProcessMemory or WriteProcessMemory request was completed. (0x12B)
[1107/230547:WARNING:pe_image_reader.cc(281)] could not read dos header from C:\Windows\system32\PSAPI.DLL
[1107/230547:ERROR:process_reader_win.cc(233)] ReadMemory at 0x6c420000 of 64 bytes failed: Only part of a ReadProcessMemory or WriteProcessMemory request was completed. (0x12B)
[1107/230547:WARNING:pe_image_reader.cc(281)] could not read dos header from C:\Windows\SYSTEM32\WINSPOOL.DRV
[1107/230547:ERROR:process_reader_win.cc(233)] ReadMemory at 0x73200000 of 64 bytes failed: Only part of a ReadProcessMemory or WriteProcessMemory request was completed. (0x12B)
[1107/230547:WARNING:pe_image_reader.cc(281)] could not read dos header from C:\Windows\WinSxS\x86_microsoft.windows.common-controls_6595b64144ccf1df_6.0.9200.17359_none_8935f06086091acc\COMCTL32.dll
[1107/230547:ERROR:process_reader_win.cc(233)] ReadMemory at 0x752f0000 of 64 bytes failed: Only part of a ReadProcessMemory or WriteProcessMemory request was completed. (0x12B)
[1107/230547:WARNING:pe_image_reader.cc(281)] could not read dos header from C:\Windows\system32\COMDLG32.dll
[1107/230547:ERROR:process_reader_win.cc(233)] ReadMemory at 0x76800000 of 64 bytes failed: Only part of a ReadProcessMemory or WriteProcessMemory request was completed. (0x12B)
[1107/230547:WARNING:pe_image_reader.cc(281)] could not read dos header from C:\Windows\system32\ole32.dll
[1107/230547:ERROR:process_reader_win.cc(233)] ReadMemory at 0x76c90000 of 64 bytes failed: Only part of a ReadProcessMemory or WriteProcessMemory request was completed. (0x12B)
[1107/230547:WARNING:pe_image_reader.cc(281)] could not read dos header from C:\Windows\system32\OLEAUT32.dll
[1107/230547:ERROR:process_reader_win.cc(233)] ReadMemory at 0x77460000 of 64 bytes failed: Only part of a ReadProcessMemory or WriteProcessMemory request was completed. (0x12B)
[1107/230547:WARNING:pe_image_reader.cc(281)] could not read dos header from C:\Windows\system32\NSI.dll
[1107/230547:ERROR:process_reader_win.cc(233)] ReadMemory at 0x71530000 of 64 bytes failed: Only part of a ReadProcessMemory or WriteProcessMemory request was completed. (0x12B)
[1107/230547:WARNING:pe_image_reader.cc(281)] could not read dos header from C:\Windows\SYSTEM32\WINNSI.DLL
[1107/230547:ERROR:process_reader_win.cc(233)] ReadMemory at 0x71560000 of 64 bytes failed: Only part of a ReadProcessMemory or WriteProcessMemory request was completed. (0x12B)
[1107/230547:WARNING:pe_image_reader.cc(281)] could not read dos header from C:\Windows\SYSTEM32\IPHLPAPI.DLL
[1107/230547:ERROR:process_reader_win.cc(233)] ReadMemory at 0x752a0000 of 64 bytes failed: Only part of a ReadProcessMemory or WriteProcessMemory request was completed. (0x12B)
[1107/230547:WARNING:pe_image_reader.cc(281)] could not read dos header from C:\Windows\system32\WS2_32.dll
[1107/230547:ERROR:process_reader_win.cc(233)] ReadMemory at 0x66880000 of 64 bytes failed: Only part of a ReadProcessMemory or WriteProcessMemory request was completed. (0x12B)
[1107/230547:WARNING:pe_image_reader.cc(281)] could not read dos header from C:\Windows\SYSTEM32\USP10.dll
[1107/230547:ERROR:process_reader_win.cc(233)] ReadMemory at 0x74de0000 of 64 bytes failed: Only part of a ReadProcessMemory or WriteProcessMemory request was completed. (0x12B)
[1107/230547:WARNING:pe_image_reader.cc(281)] could not read dos header from C:\Windows\system32\MSASN1.dll
[1107/230547:ERROR:process_reader_win.cc(233)] ReadMemory at 0x74e00000 of 64 bytes failed: Only part of a ReadProcessMemory or WriteProcessMemory request was completed. (0x12B)
[1107/230547:WARNING:pe_image_reader.cc(281)] could not read dos header from C:\Windows\system32\CRYPT32.dll
[1107/230547:ERROR:process_reader_win.cc(233)] ReadMemory at 0x75000000 of 64 bytes failed: Only part of a ReadProcessMemory or WriteProcessMemory request was completed. (0x12B)
[1107/230547:WARNING:pe_image_reader.cc(281)] could not read dos header from C:\Windows\system32\WINTRUST.dll
[1107/230547:ERROR:process_reader_win.cc(233)] ReadMemory at 0x700e0000 of 64 bytes failed: Only part of a ReadProcessMemory or WriteProcessMemory request was completed. (0x12B)
[1107/230547:WARNING:pe_image_reader.cc(281)] could not read dos header from C:\Windows\SYSTEM32\Secur32.dll
[1107/230547:ERROR:process_reader_win.cc(233)] ReadMemory at 0x74b50000 of 64 bytes failed: Only part of a ReadProcessMemory or WriteProcessMemory request was completed. (0x12B)
[1107/230547:WARNING:pe_image_reader.cc(281)] could not read dos header from C:\Windows\SYSTEM32\SSPICLI.DLL
[1107/230547:ERROR:process_reader_win.cc(233)] ReadMemory at 0xfd30000 of 64 bytes failed: Only part of a ReadProcessMemory or WriteProcessMemory request was completed. (0x12B)
[1107/230547:WARNING:pe_image_reader.cc(281)] could not read dos header from C:\Program Files\Google\Chrome\Application\53.0.2785.143\chrome_child.dll
[1107/230547:ERROR:process_reader_win.cc(233)] ReadMemory at 0x72c10000 of 64 bytes failed: Only part of a ReadProcessMemory or WriteProcessMemory request was completed. (0x12B)
[1107/230547:WARNING:pe_image_reader.cc(281)] could not read dos header from C:\Windows\SYSTEM32\dwrite.dll
[1107/230547:ERROR:process_reader_win.cc(233)] ReadMemory at 0x77879200 of 5888 bytes failed: Only part of a ReadProcessMemory or WriteProcessMemory request was completed. (0x12B)
[1107/230547:ERROR:process_reader_win.cc(233)] ReadMemory at 0xa70000 of 64 bytes failed: Only part of a ReadProcessMemory or WriteProcessMemory request was completed. (0x12B)
[1107/230547:WARNING:pe_image_reader.cc(281)] could not read dos header from C:\Program Files\Google\Chrome\Application\chrome.exe
[1107/230547:ERROR:process_reader_win.cc(233)] ReadMemory at 0x77780000 of 64 bytes failed: Only part of a ReadProcessMemory or WriteProcessMemory request was completed. (0x12B)
[1107/230547:WARNING:pe_image_reader.cc(281)] could not read dos header from C:\Windows\SYSTEM32\ntdll.dll
[1107/230547:ERROR:process_reader_win.cc(233)] ReadMemory at 0x75050000 of 64 bytes failed: Only part of a ReadProcessMemory or WriteProcessMemory request was completed. (0x12B)
[1107/230547:WARNING:pe_image_reader.cc(281)] could not read dos header from C:\Windows\system32\KERNELBASE.dll
[1107/230547:ERROR:process_reader_win.cc(233)] ReadMemory at 0x76f40000 of 64 bytes failed: Only part of a ReadProcessMemory or WriteProcessMemory request was completed. (0x12B)
[1107/230547:WARNING:pe_image_reader.cc(281)] could not read dos header from C:\Windows\system32\KERNEL32.DLL
[1107/230547:ERROR:process_reader_win.cc(233)] ReadMemory at 0x76bd0000 of 64 bytes failed: Only part of a ReadProcessMemory or WriteProcessMemory request was completed. (0x12B)
[1107/230547:WARNING:pe_image_reader.cc(281)] could not read dos header from C:\Windows\system32\msvcrt.dll
[1107/230547:ERROR:process_reader_win.cc(233)] ReadMemory at 0x751c0000 of 64 bytes failed: Only part of a ReadProcessMemory or WriteProcessMemory request was completed. (0x12B)
[1107/230547:WARNING:pe_image_reader.cc(281)] could not read dos header from C:\Windows\system32\RPCRT4.dll
[1107/230547:ERROR:process_reader_win.cc(233)] ReadMemory at 0x76b90000 of 64 bytes failed: Only part of a ReadProcessMemory or WriteProcessMemory request was completed. (0x12B)
[1107/230547:WARNING:pe_image_reader.cc(281)] could not read dos header from C:\Windows\SYSTEM32\sechost.dll
[1107/230547:ERROR:process_reader_win.cc(233)] ReadMemory at 0x766f0000 of 64 bytes failed: Only part of a ReadProcessMemory or WriteProcessMemory request was completed. (0x12B)
[1107/230547:WARNING:pe_image_reader.cc(281)] could not read dos header from C:\Windows\system32\ADVAPI32.dll
[1107/230547:ERROR:process_reader_win.cc(233)] ReadMemory at 0x58fe0000 of 64 bytes failed: Only part of a ReadProcessMemory or WriteProcessMemory request was completed. (0x12B)
[1107/230547:WARNING:pe_image_reader.cc(281)] could not read dos header from C:\Program Files\Google\Chrome\Application\53.0.2785.143\chrome_elf.dll
[1107/230547:ERROR:process_reader_win.cc(233)] ReadMemory at 0x70b10000 of 64 bytes failed: Only part of a ReadProcessMemory or WriteProcessMemory request was completed. (0x12B)
[1107/230547:WARNING:pe_image_reader.cc(281)] could not read dos header from C:\Windows\SYSTEM32\VERSION.dll
[1107/230547:ERROR:process_reader_win.cc(233)] ReadMemory at 0x76920000 of 64 bytes failed: Only part of a ReadProcessMemory or WriteProcessMemory request was completed. (0x12B)
[1107/230547:WARNING:pe_image_reader.cc(281)] could not read dos header from C:\Windows\system32\GDI32.dll
[1107/230547:ERROR:process_reader_win.cc(233)] ReadMemory at 0x77040000 of 64 bytes failed: Only part of a ReadProcessMemory or WriteProcessMemory request was completed. (0x12B)
[1107/230547:WARNING:pe_image_reader.cc(281)] could not read dos header from C:\Windows\system32\USER32.dll
[1107/230547:ERROR:process_reader_win.cc(233)] ReadMemory at 0x508b0000 of 64 bytes failed: Only part of a ReadProcessMemory or WriteProcessMemory request was completed. (0x12B)
[1107/230547:WARNING:pe_image_reader.cc(281)] could not read dos header from C:\Program Files\Kaspersky Lab\Kaspersky Total Security 17.0.0\inproc_agent.dll
[1107/230547:ERROR:process_reader_win.cc(233)] ReadMemory at 0x54bf0000 of 64 bytes failed: Only part of a ReadProcessMemory or WriteProcessMemory request was completed. (0x12B)
[1107/230547:WARNING:pe_image_reader.cc(281)] could not read dos header from C:\ProgramData\Kaspersky Lab\AVP17.0.0\Bases\klsihk.dll
[1107/230547:ERROR:process_reader_win.cc(233)] ReadMemory at 0x776a0000 of 64 bytes failed: Only part of a ReadProcessMemory or WriteProcessMemory request was completed. (0x12B)
[1107/230547:WARNING:pe_image_reader.cc(281)] could not read dos header from C:\Windows\system32\MSCTF.dll
[1107/230547:ERROR:process_reader_win.cc(233)] ReadMemory at 0x766c0000 of 64 bytes failed: Only part of a ReadProcessMemory or WriteProcessMemory request was completed. (0x12B)
[1107/230547:WARNING:pe_image_reader.cc(281)] could not read dos header from C:\Windows\system32\IMM32.DLL
[1107/230547:ERROR:process_reader_win.cc(233)] ReadMemory at 0x74f90000 of 64 bytes failed: Only part of a ReadProcessMemory or WriteProcessMemory request was completed. (0x12B)
[1107/230547:WARNING:pe_image_reader.cc(281)] could not read dos header from C:\Windows\SYSTEM32\cfgmgr32.dll
[1107/230547:ERROR:process_reader_win.cc(233)] ReadMemory at 0x75110000 of 64 bytes failed: Only part of a ReadProcessMemory or WriteProcessMemory request was completed. (0x12B)
[1107/230547:WARNING:pe_image_reader.cc(281)] could not read dos header from C:\Windows\system32\DEVOBJ.dll
[1107/230547:ERROR:process_reader_win.cc(233)] ReadMemory at 0x697c0000 of 64 bytes failed: Only part of a ReadProcessMemory or WriteProcessMemory request was completed. (0x12B)
[1107/230547:WARNING:pe_image_reader.cc(281)] could not read dos header from C:\Windows\SYSTEM32\WINMMBASE.dll
[1107/230547:ERROR:process_reader_win.cc(233)] ReadMemory at 0x697f0000 of 64 bytes failed: Only part of a ReadProcessMemory or WriteProcessMemory request was completed. (0x12B)
[1107/230547:WARNING:pe_image_reader.cc(281)] could not read dos header from C:\Windows\SYSTEM32\WINMM.dll
[1107/230547:ERROR:process_reader_win.cc(233)] ReadMemory at 0x74dc0000 of 64 bytes failed: Only part of a ReadProcessMemory or WriteProcessMemory request was completed. (0x12B)
[1107/230547:WARNING:pe_image_reader.cc(281)] could not read dos header from C:\Windows\system32\profapi.dll
[1107/230547:ERROR:process_reader_win.cc(233)] ReadMemory at 0x74fe0000 of 64 bytes failed: Only part of a ReadProcessMemory or WriteProcessMemory request was completed. (0x12B)
[1107/230547:WARNING:pe_image_reader.cc(281)] could not read dos header from C:\Windows\system32\USERENV.dll
[1107/230547:ERROR:process_reader_win.cc(233)] ReadMemory at 0x74ca0000 of 64 bytes failed: Only part of a ReadProcessMemory or WriteProcessMemory request was completed. (0x12B)
[1107/230547:WARNING:pe_image_reader.cc(281)] could not read dos header from C:\Windows\SYSTEM32\WTSAPI32.dll
[1107/230547:ERROR:process_reader_win.cc(233)] ReadMemory at 0x76450000 of 64 bytes failed: Only part of a ReadProcessMemory or WriteProcessMemory request was completed. (0x12B)
[1107/230547:WARNING:pe_image_reader.cc(281)] could not read dos header from C:\Windows\SYSTEM32\combase.dll
[1107/230547:ERROR:process_reader_win.cc(233)] ReadMemory at 0x703b0000 of 64 bytes failed: Only part of a ReadProcessMemory or WriteProcessMemory request was completed. (0x12B)
[1107/230547:WARNING:pe_image_reader.cc(281)] could not read dos header from C:\Windows\SYSTEM32\WINHTTP.dll
[1107/230547:ERROR:process_reader_win.cc(233)] ReadMemory at 0x50780000 of 64 bytes failed: Only part of a ReadProcessMemory or WriteProcessMemory request was completed. (0x12B)
[1107/230547:WARNING:pe_image_reader.cc(281)] could not read dos header from C:\Windows\SYSTEM32\dbghelp.dll
[1107/230547:ERROR:process_reader_win.cc(233)] ReadMemory at 0x74b90000 of 64 bytes failed: Only part of a ReadProcessMemory or WriteProcessMemory request was completed. (0x12B)
[1107/230547:WARNING:pe_image_reader.cc(281)] could not read dos header from C:\Windows\SYSTEM32\bcryptPrimitives.dll
[1107/230547:ERROR:process_reader_win.cc(233)] ReadMemory at 0x74bf0000 of 64 bytes failed: Only part of a ReadProcessMemory or WriteProcessMemory request was completed. (0x12B)
[1107/230547:WARNING:pe_image_reader.cc(281)] could not read dos header from C:\Windows\SYSTEM32\CRYPTBASE.dll
[1107/230547:ERROR:process_reader_win.cc(233)] ReadMemory at 0x77260000 of 64 bytes failed: Only part of a ReadProcessMemory or WriteProcessMemory request was completed. (0x12B)
[1107/230547:WARNING:pe_image_reader.cc(281)] could not read dos header from C:\Windows\system32\SHLWAPI.dll
[1107/230547:ERROR:process_reader_win.cc(233)] ReadMemory at 0x75380000 of 64 bytes failed: Only part of a ReadProcessMemory or WriteProcessMemory request was completed. (0x12B)
[1107/230547:WARNING:pe_image_reader.cc(281)] could not read dos header from C:\Windows\system32\SHELL32.dll
[1107/230547:ERROR:process_reader_win.cc(233)] ReadMemory at 0x77160000 of 64 bytes failed: Only part of a ReadProcessMemory or WriteProcessMemory request was completed. (0x12B)
[1107/230547:WARNING:pe_image_reader.cc(281)] could not read dos header from C:\Windows\SYSTEM32\shcore.dll
[1107/230547:ERROR:process_reader_win.cc(233)] ReadMemory at 0x77630000 of 64 bytes failed: Only part of a ReadProcessMemory or WriteProcessMemory request was completed. (0x12B)
[1107/230547:WARNING:pe_image_reader.cc(281)] could not read dos header from C:\Windows\system32\PSAPI.DLL
[1107/230547:ERROR:process_reader_win.cc(233)] ReadMemory at 0x6c420000 of 64 bytes failed: Only part of a ReadProcessMemory or WriteProcessMemory request was completed. (0x12B)
[1107/230547:WARNING:pe_image_reader.cc(281)] could not read dos header from C:\Windows\SYSTEM32\WINSPOOL.DRV
[1107/230547:ERROR:process_reader_win.cc(233)] ReadMemory at 0x73200000 of 64 bytes failed: Only part of a ReadProcessMemory or WriteProcessMemory request was completed. (0x12B)
[1107/230547:WARNING:pe_image_reader.cc(281)] could not read dos header from C:\Windows\WinSxS\x86_microsoft.windows.common-controls_6595b64144ccf1df_6.0.9200.17359_none_8935f06086091acc\COMCTL32.dll
[1107/230547:ERROR:process_reader_win.cc(233)] ReadMemory at 0x752f0000 of 64 bytes failed: Only part of a ReadProcessMemory or WriteProcessMemory request was completed. (0x12B)
[1107/230547:WARNING:pe_image_reader.cc(281)] could not read dos header from C:\Windows\system32\COMDLG32.dll
[1107/230547:ERROR:process_reader_win.cc(233)] ReadMemory at 0x76800000 of 64 bytes failed: Only part of a ReadProcessMemory or WriteProcessMemory request was completed. (0x12B)
[1107/230547:WARNING:pe_image_reader.cc(281)] could not read dos header from C:\Windows\system32\ole32.dll
[1107/230547:ERROR:process_reader_win.cc(233)] ReadMemory at 0x76c90000 of 64 bytes failed: Only part of a ReadProcessMemory or WriteProcessMemory request was completed. (0x12B)
[1107/230547:WARNING:pe_image_reader.cc(281)] could not read dos header from C:\Windows\system32\OLEAUT32.dll
[1107/230547:ERROR:process_reader_win.cc(233)] ReadMemory at 0x77460000 of 64 bytes failed: Only part of a ReadProcessMemory or WriteProcessMemory request was completed. (0x12B)
[1107/230547:WARNING:pe_image_reader.cc(281)] could not read dos header from C:\Windows\system32\NSI.dll
[1107/230547:ERROR:process_reader_win.cc(233)] ReadMemory at 0x71530000 of 64 bytes failed: Only part of a ReadProcessMemory or WriteProcessMemory request was completed. (0x12B)
[1107/230547:WARNING:pe_image_reader.cc(281)] could not read dos header from C:\Windows\SYSTEM32\WINNSI.DLL
[1107/230547:ERROR:process_reader_win.cc(233)] ReadMemory at 0x71560000 of 64 bytes failed: Only part of a ReadProcessMemory or WriteProcessMemory request was completed. (0x12B)
[1107/230547:WARNING:pe_image_reader.cc(281)] could not read dos header from C:\Windows\SYSTEM32\IPHLPAPI.DLL
[1107/230547:ERROR:process_reader_win.cc(233)] ReadMemory at 0x752a0000 of 64 bytes failed: Only part of a ReadProcessMemory or WriteProcessMemory request was completed. (0x12B)
[1107/230547:WARNING:pe_image_reader.cc(281)] could not read dos header from C:\Windows\system32\WS2_32.dll
[1107/230547:ERROR:process_reader_win.cc(233)] ReadMemory at 0x66880000 of 64 bytes failed: Only part of a ReadProcessMemory or WriteProcessMemory request was completed. (0x12B)
[1107/230547:WARNING:pe_image_reader.cc(281)] could not read dos header from C:\Windows\SYSTEM32\USP10.dll
[1107/230547:ERROR:process_reader_win.cc(233)] ReadMemory at 0x74de0000 of 64 bytes failed: Only part of a ReadProcessMemory or WriteProcessMemory request was completed. (0x12B)
[1107/230547:WARNING:pe_image_reader.cc(281)] could not read dos header from C:\Windows\system32\MSASN1.dll
[1107/230547:ERROR:process_reader_win.cc(233)] ReadMemory at 0x74e00000 of 64 bytes failed: Only part of a ReadProcessMemory or WriteProcessMemory request was completed. (0x12B)
[1107/230547:WARNING:pe_image_reader.cc(281)] could not read dos header from C:\Windows\system32\CRYPT32.dll
[1107/230547:ERROR:process_reader_win.cc(233)] ReadMemory at 0x75000000 of 64 bytes failed: Only part of a ReadProcessMemory or WriteProcessMemory request was completed. (0x12B)
[1107/230547:WARNING:pe_image_reader.cc(281)] could not read dos header from C:\Windows\system32\WINTRUST.dll
[1107/230547:ERROR:process_reader_win.cc(233)] ReadMemory at 0x700e0000 of 64 bytes failed: Only part of a ReadProcessMemory or WriteProcessMemory request was completed. (0x12B)
[1107/230547:WARNING:pe_image_reader.cc(281)] could not read dos header from C:\Windows\SYSTEM32\Secur32.dll
[1107/230547:ERROR:process_reader_win.cc(233)] ReadMemory at 0x74b50000 of 64 bytes failed: Only part of a ReadProcessMemory or WriteProcessMemory request was completed. (0x12B)
[1107/230547:WARNING:pe_image_reader.cc(281)] could not read dos header from C:\Windows\SYSTEM32\SSPICLI.DLL
[1107/230547:ERROR:process_reader_win.cc(233)] ReadMemory at 0xfd30000 of 64 bytes failed: Only part of a ReadProcessMemory or WriteProcessMemory request was completed. (0x12B)
[1107/230547:WARNING:pe_image_reader.cc(281)] could not read dos header from C:\Program Files\Google\Chrome\Application\53.0.2785.143\chrome_child.dll
[1107/230547:ERROR:process_reader_win.cc(233)] ReadMemory at 0x72c10000 of 64 bytes failed: Only part of a ReadProcessMemory or WriteProcessMemory request was completed. (0x12B)
[1107/230547:WARNING:pe_image_reader.cc(281)] could not read dos header from C:\Windows\SYSTEM32\dwrite.dll
[1107/230547:ERROR:process_reader_win.cc(233)] ReadMemory at 0xa70000 of 64 bytes failed: Only part of a ReadProcessMemory or WriteProcessMemory request was completed. (0x12B)
[1107/230547:WARNING:pe_image_reader.cc(281)] could not read dos header from C:\Program Files\Google\Chrome\Application\chrome.exe
[1107/230547:ERROR:process_reader_win.cc(233)] ReadMemory at 0x77780000 of 64 bytes failed: Only part of a ReadProcessMemory or WriteProcessMemory request was completed. (0x12B)
[1107/230547:WARNING:pe_image_reader.cc(281)] could not read dos header from C:\Windows\SYSTEM32\ntdll.dll
[1107/230547:ERROR:process_reader_win.cc(233)] ReadMemory at 0x75050000 of 64 bytes failed: Only part of a ReadProcessMemory or WriteProcessMemory request was completed. (0x12B)
[1107/230547:WARNING:pe_image_reader.cc(281)] could not read dos header from C:\Windows\system32\KERNELBASE.dll
[1107/230547:ERROR:process_reader_win.cc(233)] ReadMemory at 0x76f40000 of 64 bytes failed: Only part of a ReadProcessMemory or WriteProcessMemory request was completed. (0x12B)
[1107/230547:WARNING:pe_image_reader.cc(281)] could not read dos header from C:\Windows\system32\KERNEL32.DLL
[1107/230547:ERROR:process_reader_win.cc(233)] ReadMemory at 0x76bd0000 of 64 bytes failed: Only part of a ReadProcessMemory or WriteProcessMemory request was completed. (0x12B)
[1107/230547:WARNING:pe_image_reader.cc(281)] could not read dos header from C:\Windows\system32\msvcrt.dll
[1107/230547:ERROR:process_reader_win.cc(233)] ReadMemory at 0x751c0000 of 64 bytes failed: Only part of a ReadProcessMemory or WriteProcessMemory request was completed. (0x12B)
[1107/230547:WARNING:pe_image_reader.cc(281)] could not read dos header from C:\Windows\system32\RPCRT4.dll
[1107/230547:ERROR:process_reader_win.cc(233)] ReadMemory at 0x76b90000 of 64 bytes failed: Only part of a ReadProcessMemory or WriteProcessMemory request was completed. (0x12B)
[1107/230547:WARNING:pe_image_reader.cc(281)] could not read dos header from C:\Windows\SYSTEM32\sechost.dll
[1107/230547:ERROR:process_reader_win.cc(233)] ReadMemory at 0x766f0000 of 64 bytes failed: Only part of a ReadProcessMemory or WriteProcessMemory request was completed. (0x12B)
[1107/230547:WARNING:pe_image_reader.cc(281)] could not read dos header from C:\Windows\system32\ADVAPI32.dll
[1107/230547:ERROR:process_reader_win.cc(233)] ReadMemory at 0x58fe0000 of 64 bytes failed: Only part of a ReadProcessMemory or WriteProcessMemory request was completed. (0x12B)
[1107/230547:WARNING:pe_image_reader.cc(281)] could not read dos header from C:\Program Files\Google\Chrome\Application\53.0.2785.143\chrome_elf.dll
[1107/230547:ERROR:process_reader_win.cc(233)] ReadMemory at 0x70b10000 of 64 bytes failed: Only part of a ReadProcessMemory or WriteProcessMemory request was completed. (0x12B)
[1107/230547:WARNING:pe_image_reader.cc(281)] could not read dos header from C:\Windows\SYSTEM32\VERSION.dll
[1107/230547:ERROR:process_reader_win.cc(233)] ReadMemory at 0x76920000 of 64 bytes failed: Only part of a ReadProcessMemory or WriteProcessMemory request was completed. (0x12B)
[1107/230547:WARNING:pe_image_reader.cc(281)] could not read dos header from C:\Windows\system32\GDI32.dll
[1107/230547:ERROR:process_reader_win.cc(233)] ReadMemory at 0x77040000 of 64 bytes failed: Only part of a ReadProcessMemory or WriteProcessMemory request was completed. (0x12B)
[1107/230547:WARNING:pe_image_reader.cc(281)] could not read dos header from C:\Windows\system32\USER32.dll
[1107/230547:ERROR:process_reader_win.cc(233)] ReadMemory at 0x508b0000 of 64 bytes failed: Only part of a ReadProcessMemory or WriteProcessMemory request was completed. (0x12B)
[1107/230547:WARNING:pe_image_reader.cc(281)] could not read dos header from C:\Program Files\Kaspersky Lab\Kaspersky Total Security 17.0.0\inproc_agent.dll
[1107/230547:ERROR:process_reader_win.cc(233)] ReadMemory at 0x54bf0000 of 64 bytes failed: Only part of a ReadProcessMemory or WriteProcessMemory request was completed. (0x12B)
[1107/230547:WARNING:pe_image_reader.cc(281)] could not read dos header from C:\ProgramData\Kaspersky Lab\AVP17.0.0\Bases\klsihk.dll
[1107/230547:ERROR:process_reader_win.cc(233)] ReadMemory at 0x776a0000 of 64 bytes failed: Only part of a ReadProcessMemory or WriteProcessMemory request was completed. (0x12B)
[1107/230547:WARNING:pe_image_reader.cc(281)] could not read dos header from C:\Windows\system32\MSCTF.dll
[1107/230547:ERROR:process_reader_win.cc(233)] ReadMemory at 0x766c0000 of 64 bytes failed: Only part of a ReadProcessMemory or WriteProcessMemory request was completed. (0x12B)
[1107/230547:WARNING:pe_image_reader.cc(281)] could not read dos header from C:\Windows\system32\IMM32.DLL
[1107/230547:ERROR:process_reader_win.cc(233)] ReadMemory at 0x74f90000 of 64 bytes failed: Only part of a ReadProcessMemory or WriteProcessMemory request was completed. (0x12B)
[1107/230547:WARNING:pe_image_reader.cc(281)] could not read dos header from C:\Windows\SYSTEM32\cfgmgr32.dll
[1107/230547:ERROR:process_reader_win.cc(233)] ReadMemory at 0x75110000 of 64 bytes failed: Only part of a ReadProcessMemory or WriteProcessMemory request was completed. (0x12B)
[1107/230547:WARNING:pe_image_reader.cc(281)] could not read dos header from C:\Windows\system32\DEVOBJ.dll
[1107/230547:ERROR:process_reader_win.cc(233)] ReadMemory at 0x697c0000 of 64 bytes failed: Only part of a ReadProcessMemory or WriteProcessMemory request was completed. (0x12B)
[1107/230547:WARNING:pe_image_reader.cc(281)] could not read dos header from C:\Windows\SYSTEM32\WINMMBASE.dll
[1107/230547:ERROR:process_reader_win.cc(233)] ReadMemory at 0x697f0000 of 64 bytes failed: Only part of a ReadProcessMemory or WriteProcessMemory request was completed. (0x12B)
[1107/230547:WARNING:pe_image_reader.cc(281)] could not read dos header from C:\Windows\SYSTEM32\WINMM.dll
[1107/230547:ERROR:process_reader_win.cc(233)] ReadMemory at 0x74dc0000 of 64 bytes failed: Only part of a ReadProcessMemory or WriteProcessMemory request was completed. (0x12B)
[1107/230547:WARNING:pe_image_reader.cc(281)] could not read dos header from C:\Windows\system32\profapi.dll
[1107/230547:ERROR:process_reader_win.cc(233)] ReadMemory at 0x74fe0000 of 64 bytes failed: Only part of a ReadProcessMemory or WriteProcessMemory request was completed. (0x12B)
[1107/230547:WARNING:pe_image_reader.cc(281)] could not read dos header from C:\Windows\system32\USERENV.dll
[1107/230547:ERROR:process_reader_win.cc(233)] ReadMemory at 0x74ca0000 of 64 bytes failed: Only part of a ReadProcessMemory or WriteProcessMemory request was completed. (0x12B)
[1107/230547:WARNING:pe_image_reader.cc(281)] could not read dos header from C:\Windows\SYSTEM32\WTSAPI32.dll
[1107/230547:ERROR:process_reader_win.cc(233)] ReadMemory at 0x76450000 of 64 bytes failed: Only part of a ReadProcessMemory or WriteProcessMemory request was completed. (0x12B)
[1107/230547:WARNING:pe_image_reader.cc(281)] could not read dos header from C:\Windows\SYSTEM32\combase.dll
[1107/230547:ERROR:process_reader_win.cc(233)] ReadMemory at 0x703b0000 of 64 bytes failed: Only part of a ReadProcessMemory or WriteProcessMemory request was completed. (0x12B)
[1107/230547:WARNING:pe_image_reader.cc(281)] could not read dos header from C:\Windows\SYSTEM32\WINHTTP.dll
[1107/230547:ERROR:process_reader_win.cc(233)] ReadMemory at 0x50780000 of 64 bytes failed: Only part of a ReadProcessMemory or WriteProcessMemory request was completed. (0x12B)
[1107/230547:WARNING:pe_image_reader.cc(281)] could not read dos header from C:\Windows\SYSTEM32\dbghelp.dll
[1107/230547:ERROR:process_reader_win.cc(233)] ReadMemory at 0x74b90000 of 64 bytes failed: Only part of a ReadProcessMemory or WriteProcessMemory request was completed. (0x12B)
[1107/230547:WARNING:pe_image_reader.cc(281)] could not read dos header from C:\Windows\SYSTEM32\bcryptPrimitives.dll
[1107/230547:ERROR:process_reader_win.cc(233)] ReadMemory at 0x74bf0000 of 64 bytes failed: Only part of a ReadProcessMemory or WriteProcessMemory request was completed. (0x12B)
[1107/230547:WARNING:pe_image_reader.cc(281)] could not read dos header from C:\Windows\SYSTEM32\CRYPTBASE.dll
[1107/230547:ERROR:process_reader_win.cc(233)] ReadMemory at 0x77260000 of 64 bytes failed: Only part of a ReadProcessMemory or WriteProcessMemory request was completed. (0x12B)
[1107/230547:WARNING:pe_image_reader.cc(281)] could not read dos header from C:\Windows\system32\SHLWAPI.dll
[1107/230547:ERROR:process_reader_win.cc(233)] ReadMemory at 0x75380000 of 64 bytes failed: Only part of a ReadProcessMemory or WriteProcessMemory request was completed. (0x12B)
[1107/230547:WARNING:pe_image_reader.cc(281)] could not read dos header from C:\Windows\system32\SHELL32.dll
[1107/230547:ERROR:process_reader_win.cc(233)] ReadMemory at 0x77160000 of 64 bytes failed: Only part of a ReadProcessMemory or WriteProcessMemory request was completed. (0x12B)
[1107/230547:WARNING:pe_image_reader.cc(281)] could not read dos header from C:\Windows\SYSTEM32\shcore.dll
[1107/230547:ERROR:process_reader_win.cc(233)] ReadMemory at 0x77630000 of 64 bytes failed: Only part of a ReadProcessMemory or WriteProcessMemory request was completed. (0x12B)
[1107/230547:WARNING:pe_image_reader.cc(281)] could not read dos header from C:\Windows\system32\PSAPI.DLL
[1107/230547:ERROR:process_reader_win.cc(233)] ReadMemory at 0x6c420000 of 64 bytes failed: Only part of a ReadProcessMemory or WriteProcessMemory request was completed. (0x12B)
[1107/230547:WARNING:pe_image_reader.cc(281)] could not read dos header from C:\Windows\SYSTEM32\WINSPOOL.DRV
[1107/230547:ERROR:process_reader_win.cc(233)] ReadMemory at 0x73200000 of 64 bytes failed: Only part of a ReadProcessMemory or WriteProcessMemory request was completed. (0x12B)
[1107/230547:WARNING:pe_image_reader.cc(281)] could not read dos header from C:\Windows\WinSxS\x86_microsoft.windows.common-controls_6595b64144ccf1df_6.0.9200.17359_none_8935f06086091acc\COMCTL32.dll
[1107/230547:ERROR:process_reader_win.cc(233)] ReadMemory at 0x752f0000 of 64 bytes failed: Only part of a ReadProcessMemory or WriteProcessMemory request was completed. (0x12B)
[1107/230547:WARNING:pe_image_reader.cc(281)] could not read dos header from C:\Windows\system32\COMDLG32.dll
[1107/230547:ERROR:process_reader_win.cc(233)] ReadMemory at 0x76800000 of 64 bytes failed: Only part of a ReadProcessMemory or WriteProcessMemory request was completed. (0x12B)
[1107/230547:WARNING:pe_image_reader.cc(281)] could not read dos header from C:\Windows\system32\ole32.dll
[1107/230547:ERROR:process_reader_win.cc(233)] ReadMemory at 0x76c90000 of 64 bytes failed: Only part of a ReadProcessMemory or WriteProcessMemory request was completed. (0x12B)
[1107/230547:WARNING:pe_image_reader.cc(281)] could not read dos header from C:\Windows\system32\OLEAUT32.dll
[1107/230547:ERROR:process_reader_win.cc(233)] ReadMemory at 0x77460000 of 64 bytes failed: Only part of a ReadProcessMemory or WriteProcessMemory request was completed. (0x12B)
[1107/230547:WARNING:pe_image_reader.cc(281)] could not read dos header from C:\Windows\system32\NSI.dll
[1107/230547:ERROR:process_reader_win.cc(233)] ReadMemory at 0x71530000 of 64 bytes failed: Only part of a ReadProcessMemory or WriteProcessMemory request was completed. (0x12B)
[1107/230547:WARNING:pe_image_reader.cc(281)] could not read dos header from C:\Windows\SYSTEM32\WINNSI.DLL
[1107/230547:ERROR:process_reader_win.cc(233)] ReadMemory at 0x71560000 of 64 bytes failed: Only part of a ReadProcessMemory or WriteProcessMemory request was completed. (0x12B)
[1107/230547:WARNING:pe_image_reader.cc(281)] could not read dos header from C:\Windows\SYSTEM32\IPHLPAPI.DLL
[1107/230547:ERROR:process_reader_win.cc(233)] ReadMemory at 0x752a0000 of 64 bytes failed: Only part of a ReadProcessMemory or WriteProcessMemory request was completed. (0x12B)
[1107/230547:WARNING:pe_image_reader.cc(281)] could not read dos header from C:\Windows\system32\WS2_32.dll
[1107/230547:ERROR:process_reader_win.cc(233)] ReadMemory at 0x66880000 of 64 bytes failed: Only part of a ReadProcessMemory or WriteProcessMemory request was completed. (0x12B)
[1107/230547:WARNING:pe_image_reader.cc(281)] could not read dos header from C:\Windows\SYSTEM32\USP10.dll
[1107/230547:ERROR:process_reader_win.cc(233)] ReadMemory at 0x74de0000 of 64 bytes failed: Only part of a ReadProcessMemory or WriteProcessMemory request was completed. (0x12B)
[1107/230547:WARNING:pe_image_reader.cc(281)] could not read dos header from C:\Windows\system32\MSASN1.dll
[1107/230547:ERROR:process_reader_win.cc(233)] ReadMemory at 0x74e00000 of 64 bytes failed: Only part of a ReadProcessMemory or WriteProcessMemory request was completed. (0x12B)
[1107/230547:WARNING:pe_image_reader.cc(281)] could not read dos header from C:\Windows\system32\CRYPT32.dll
[1107/230547:ERROR:process_reader_win.cc(233)] ReadMemory at 0x75000000 of 64 bytes failed: Only part of a ReadProcessMemory or WriteProcessMemory request was completed. (0x12B)
[1107/230547:WARNING:pe_image_reader.cc(281)] could not read dos header from C:\Windows\system32\WINTRUST.dll
[1107/230547:ERROR:process_reader_win.cc(233)] ReadMemory at 0x700e0000 of 64 bytes failed: Only part of a ReadProcessMemory or WriteProcessMemory request was completed. (0x12B)
[1107/230547:WARNING:pe_image_reader.cc(281)] could not read dos header from C:\Windows\SYSTEM32\Secur32.dll
[1107/230547:ERROR:process_reader_win.cc(233)] ReadMemory at 0x74b50000 of 64 bytes failed: Only part of a ReadProcessMemory or WriteProcessMemory request was completed. (0x12B)
[1107/230547:WARNING:pe_image_reader.cc(281)] could not read dos header from C:\Windows\SYSTEM32\SSPICLI.DLL
[1107/230547:ERROR:process_reader_win.cc(233)] ReadMemory at 0xfd30000 of 64 bytes failed: Only part of a ReadProcessMemory or WriteProcessMemory request was completed. (0x12B)
[1107/230547:WARNING:pe_image_reader.cc(281)] could not read dos header from C:\Program Files\Google\Chrome\Application\53.0.2785.143\chrome_child.dll
[1107/230547:ERROR:process_reader_win.cc(233)] ReadMemory at 0x72c10000 of 64 bytes failed: Only part of a ReadProcessMemory or WriteProcessMemory request was completed. (0x12B)
[1107/230547:WARNING:pe_image_reader.cc(281)] could not read dos header from C:\Windows\SYSTEM32\dwrite.dll
[1107/230547:ERROR:process_reader_win.cc(233)] ReadMemory at 0xa70000 of 64 bytes failed: Only part of a ReadProcessMemory or WriteProcessMemory request was completed. (0x12B)
[1107/230547:WARNING:pe_image_reader.cc(281)] could not read dos header from C:\Program Files\Google\Chrome\Application\chrome.exe
[1107/230547:ERROR:process_reader_win.cc(233)] ReadMemory at 0x77780000 of 64 bytes failed: Only part of a ReadProcessMemory or WriteProcessMemory request was completed. (0x12B)
[1107/230547:WARNING:pe_image_reader.cc(281)] could not read dos header from C:\Windows\SYSTEM32\ntdll.dll
[1107/230547:ERROR:process_reader_win.cc(233)] ReadMemory at 0x75050000 of 64 bytes failed: Only part of a ReadProcessMemory or WriteProcessMemory request was completed. (0x12B)
[1107/230547:WARNING:pe_image_reader.cc(281)] could not read dos header from C:\Windows\system32\KERNELBASE.dll
[1107/230547:ERROR:process_reader_win.cc(233)] ReadMemory at 0x76f40000 of 64 bytes failed: Only part of a ReadProcessMemory or WriteProcessMemory request was completed. (0x12B)
[1107/230547:WARNING:pe_image_reader.cc(281)] could not read dos header from C:\Windows\system32\KERNEL32.DLL
[1107/230547:ERROR:process_reader_win.cc(233)] ReadMemory at 0x76bd0000 of 64 bytes failed: Only part of a ReadProcessMemory or WriteProcessMemory request was completed. (0x12B)
[1107/230547:WARNING:pe_image_reader.cc(281)] could not read dos header from C:\Windows\system32\msvcrt.dll
[1107/230547:ERROR:process_reader_win.cc(233)] ReadMemory at 0x751c0000 of 64 bytes failed: Only part of a ReadProcessMemory or WriteProcessMemory request was completed. (0x12B)
[1107/230547:WARNING:pe_image_reader.cc(281)] could not read dos header from C:\Windows\system32\RPCRT4.dll
[1107/230547:ERROR:process_reader_win.cc(233)] ReadMemory at 0x76b90000 of 64 bytes failed: Only part of a ReadProcessMemory or WriteProcessMemory request was completed. (0x12B)
[1107/230547:WARNING:pe_image_reader.cc(281)] could not read dos header from C:\Windows\SYSTEM32\sechost.dll
[1107/230547:ERROR:process_reader_win.cc(233)] ReadMemory at 0x766f0000 of 64 bytes failed: Only part of a ReadProcessMemory or WriteProcessMemory request was completed. (0x12B)
[1107/230547:WARNING:pe_image_reader.cc(281)] could not read dos header from C:\Windows\system32\ADVAPI32.dll
[1107/230547:ERROR:process_reader_win.cc(233)] ReadMemory at 0x58fe0000 of 64 bytes failed: Only part of a ReadProcessMemory or WriteProcessMemory request was completed. (0x12B)
[1107/230547:WARNING:pe_image_reader.cc(281)] could not read dos header from C:\Program Files\Google\Chrome\Application\53.0.2785.143\chrome_elf.dll
[1107/230547:ERROR:process_reader_win.cc(233)] ReadMemory at 0x70b10000 of 64 bytes failed: Only part of a ReadProcessMemory or WriteProcessMemory request was completed. (0x12B)
[1107/230547:WARNING:pe_image_reader.cc(281)] could not read dos header from C:\Windows\SYSTEM32\VERSION.dll
[1107/230547:ERROR:process_reader_win.cc(233)] ReadMemory at 0x76920000 of 64 bytes failed: Only part of a ReadProcessMemory or WriteProcessMemory request was completed. (0x12B)
[1107/230547:WARNING:pe_image_reader.cc(281)] could not read dos header from C:\Windows\system32\GDI32.dll
[1107/230547:ERROR:process_reader_win.cc(233)] ReadMemory at 0x77040000 of 64 bytes failed: Only part of a ReadProcessMemory or WriteProcessMemory request was completed. (0x12B)
[1107/230547:WARNING:pe_image_reader.cc(281)] could not read dos header from C:\Windows\system32\USER32.dll
[1107/230547:ERROR:process_reader_win.cc(233)] ReadMemory at 0x508b0000 of 64 bytes failed: Only part of a ReadProcessMemory or WriteProcessMemory request was completed. (0x12B)
[1107/230547:WARNING:pe_image_reader.cc(281)] could not read dos header from C:\Program Files\Kaspersky Lab\Kaspersky Total Security 17.0.0\inproc_agent.dll
[1107/230547:ERROR:process_reader_win.cc(233)] ReadMemory at 0x54bf0000 of 64 bytes failed: Only part of a ReadProcessMemory or WriteProcessMemory request was completed. (0x12B)
[1107/230547:WARNING:pe_image_reader.cc(281)] could not read dos header from C:\ProgramData\Kaspersky Lab\AVP17.0.0\Bases\klsihk.dll
[1107/230547:ERROR:process_reader_win.cc(233)] ReadMemory at 0x776a0000 of 64 bytes failed: Only part of a ReadProcessMemory or WriteProcessMemory request was completed. (0x12B)
[1107/230547:WARNING:pe_image_reader.cc(281)] could not read dos header from C:\Windows\system32\MSCTF.dll
[1107/230547:ERROR:process_reader_win.cc(233)] ReadMemory at 0x766c0000 of 64 bytes failed: Only part of a ReadProcessMemory or WriteProcessMemory request was completed. (0x12B)
[1107/230547:WARNING:pe_image_reader.cc(281)] could not read dos header from C:\Windows\system32\IMM32.DLL
[1107/230547:ERROR:process_reader_win.cc(233)] ReadMemory at 0x74f90000 of 64 bytes failed: Only part of a ReadProcessMemory or WriteProcessMemory request was completed. (0x12B)
[1107/230547:WARNING:pe_image_reader.cc(281)] could not read dos header from C:\Windows\SYSTEM32\cfgmgr32.dll
[1107/230547:ERROR:process_reader_win.cc(233)] ReadMemory at 0x75110000 of 64 bytes failed: Only part of a ReadProcessMemory or WriteProcessMemory request was completed. (0x12B)
[1107/230547:WARNING:pe_image_reader.cc(281)] could not read dos header from C:\Windows\system32\DEVOBJ.dll
[1107/230547:ERROR:process_reader_win.cc(233)] ReadMemory at 0x697c0000 of 64 bytes failed: Only part of a ReadProcessMemory or WriteProcessMemory request was completed. (0x12B)
[1107/230547:WARNING:pe_image_reader.cc(281)] could not read dos header from C:\Windows\SYSTEM32\WINMMBASE.dll
[1107/230547:ERROR:process_reader_win.cc(233)] ReadMemory at 0x697f0000 of 64 bytes failed: Only part of a ReadProcessMemory or WriteProcessMemory request was completed. (0x12B)
[1107/230547:WARNING:pe_image_reader.cc(281)] could not read dos header from C:\Windows\SYSTEM32\WINMM.dll
[1107/230547:ERROR:process_reader_win.cc(233)] ReadMemory at 0x74dc0000 of 64 bytes failed: Only part of a ReadProcessMemory or WriteProcessMemory request was completed. (0x12B)
[1107/230547:WARNING:pe_image_reader.cc(281)] could not read dos header from C:\Windows\system32\profapi.dll
[1107/230547:ERROR:process_reader_win.cc(233)] ReadMemory at 0x74fe0000 of 64 bytes failed: Only part of a ReadProcessMemory or WriteProcessMemory request was completed. (0x12B)
[1107/230547:WARNING:pe_image_reader.cc(281)] could not read dos header from C:\Windows\system32\USERENV.dll
[1107/230547:ERROR:process_reader_win.cc(233)] ReadMemory at 0x74ca0000 of 64 bytes failed: Only part of a ReadProcessMemory or WriteProcessMemory request was completed. (0x12B)
[1107/230547:WARNING:pe_image_reader.cc(281)] could not read dos header from C:\Windows\SYSTEM32\WTSAPI32.dll
[1107/230547:ERROR:process_reader_win.cc(233)] ReadMemory at 0x76450000 of 64 bytes failed: Only part of a ReadProcessMemory or WriteProcessMemory request was completed. (0x12B)
[1107/230547:WARNING:pe_image_reader.cc(281)] could not read dos header from C:\Windows\SYSTEM32\combase.dll
[1107/230547:ERROR:process_reader_win.cc(233)] ReadMemory at 0x703b0000 of 64 bytes failed: Only part of a ReadProcessMemory or WriteProcessMemory request was completed. (0x12B)
[1107/230547:WARNING:pe_image_reader.cc(281)] could not read dos header from C:\Windows\SYSTEM32\WINHTTP.dll
[1107/230547:ERROR:process_reader_win.cc(233)] ReadMemory at 0x50780000 of 64 bytes failed: Only part of a ReadProcessMemory or WriteProcessMemory request was completed. (0x12B)
[1107/230547:WARNING:pe_image_reader.cc(281)] could not read dos header from C:\Windows\SYSTEM32\dbghelp.dll
[1107/230547:ERROR:process_reader_win.cc(233)] ReadMemory at 0x74b90000 of 64 bytes failed: Only part of a ReadProcessMemory or WriteProcessMemory request was completed. (0x12B)
[1107/230547:WARNING:pe_image_reader.cc(281)] could not read dos header from C:\Windows\SYSTEM32\bcryptPrimitives.dll
[1107/230547:ERROR:process_reader_win.cc(233)] ReadMemory at 0x74bf0000 of 64 bytes failed: Only part of a ReadProcessMemory or WriteProcessMemory request was completed. (0x12B)
[1107/230547:WARNING:pe_image_reader.cc(281)] could not read dos header from C:\Windows\SYSTEM32\CRYPTBASE.dll
[1107/230547:ERROR:process_reader_win.cc(233)] ReadMemory at 0x77260000 of 64 bytes failed: Only part of a ReadProcessMemory or WriteProcessMemory request was completed. (0x12B)
[1107/230547:WARNING:pe_image_reader.cc(281)] could not read dos header from C:\Windows\system32\SHLWAPI.dll
[1107/230547:ERROR:process_reader_win.cc(233)] ReadMemory at 0x75380000 of 64 bytes failed: Only part of a ReadProcessMemory or WriteProcessMemory request was completed. (0x12B)
[1107/230547:WARNING:pe_image_reader.cc(281)] could not read dos header from C:\Windows\system32\SHELL32.dll
[1107/230547:ERROR:process_reader_win.cc(233)] ReadMemory at 0x77160000 of 64 bytes failed: Only part of a ReadProcessMemory or WriteProcessMemory request was completed. (0x12B)
[1107/230547:WARNING:pe_image_reader.cc(281)] could not read dos header from C:\Windows\SYSTEM32\shcore.dll
[1107/230547:ERROR:process_reader_win.cc(233)] ReadMemory at 0x77630000 of 64 bytes failed: Only part of a ReadProcessMemory or WriteProcessMemory request was completed. (0x12B)
[1107/230547:WARNING:pe_image_reader.cc(281)] could not read dos header from C:\Windows\system32\PSAPI.DLL
[1107/230547:ERROR:process_reader_win.cc(233)] ReadMemory at 0x6c420000 of 64 bytes failed: Only part of a ReadProcessMemory or WriteProcessMemory request was completed. (0x12B)
[1107/230547:WARNING:pe_image_reader.cc(281)] could not read dos header from C:\Windows\SYSTEM32\WINSPOOL.DRV
[1107/230547:ERROR:process_reader_win.cc(233)] ReadMemory at 0x73200000 of 64 bytes failed: Only part of a ReadProcessMemory or WriteProcessMemory request was completed. (0x12B)
[1107/230547:WARNING:pe_image_reader.cc(281)] could not read dos header from C:\Windows\WinSxS\x86_microsoft.windows.common-controls_6595b64144ccf1df_6.0.9200.17359_none_8935f06086091acc\COMCTL32.dll
[1107/230547:ERROR:process_reader_win.cc(233)] ReadMemory at 0x752f0000 of 64 bytes failed: Only part of a ReadProcessMemory or WriteProcessMemory request was completed. (0x12B)
[1107/230547:WARNING:pe_image_reader.cc(281)] could not read dos header from C:\Windows\system32\COMDLG32.dll
[1107/230547:ERROR:process_reader_win.cc(233)] ReadMemory at 0x76800000 of 64 bytes failed: Only part of a ReadProcessMemory or WriteProcessMemory request was completed. (0x12B)
[1107/230547:WARNING:pe_image_reader.cc(281)] could not read dos header from C:\Windows\system32\ole32.dll
[1107/230547:ERROR:process_reader_win.cc(233)] ReadMemory at 0x76c90000 of 64 bytes failed: Only part of a ReadProcessMemory or WriteProcessMemory request was completed. (0x12B)
[1107/230547:WARNING:pe_image_reader.cc(281)] could not read dos header from C:\Windows\system32\OLEAUT32.dll
[1107/230547:ERROR:process_reader_win.cc(233)] ReadMemory at 0x77460000 of 64 bytes failed: Only part of a ReadProcessMemory or WriteProcessMemory request was completed. (0x12B)
[1107/230547:WARNING:pe_image_reader.cc(281)] could not read dos header from C:\Windows\system32\NSI.dll
[1107/230547:ERROR:process_reader_win.cc(233)] ReadMemory at 0x71530000 of 64 bytes failed: Only part of a ReadProcessMemory or WriteProcessMemory request was completed. (0x12B)
[1107/230547:WARNING:pe_image_reader.cc(281)] could not read dos header from C:\Windows\SYSTEM32\WINNSI.DLL
[1107/230547:ERROR:process_reader_win.cc(233)] ReadMemory at 0x71560000 of 64 bytes failed: Only part of a ReadProcessMemory or WriteProcessMemory request was completed. (0x12B)
[1107/230547:WARNING:pe_image_reader.cc(281)] could not read dos header from C:\Windows\SYSTEM32\IPHLPAPI.DLL
[1107/230547:ERROR:process_reader_win.cc(233)] ReadMemory at 0x752a0000 of 64 bytes failed: Only part of a ReadProcessMemory or WriteProcessMemory request was completed. (0x12B)
[1107/230547:WARNING:pe_image_reader.cc(281)] could not read dos header from C:\Windows\system32\WS2_32.dll
[1107/230547:ERROR:process_reader_win.cc(233)] ReadMemory at 0x66880000 of 64 bytes failed: Only part of a ReadProcessMemory or WriteProcessMemory request was completed. (0x12B)
[1107/230547:WARNING:pe_image_reader.cc(281)] could not read dos header from C:\Windows\SYSTEM32\USP10.dll
[1107/230547:ERROR:process_reader_win.cc(233)] ReadMemory at 0x74de0000 of 64 bytes failed: Only part of a ReadProcessMemory or WriteProcessMemory request was completed. (0x12B)
[1107/230547:WARNING:pe_image_reader.cc(281)] could not read dos header from C:\Windows\system32\MSASN1.dll
[1107/230547:ERROR:process_reader_win.cc(233)] ReadMemory at 0x74e00000 of 64 bytes failed: Only part of a ReadProcessMemory or WriteProcessMemory request was completed. (0x12B)
[1107/230547:WARNING:pe_image_reader.cc(281)] could not read dos header from C:\Windows\system32\CRYPT32.dll
[1107/230547:ERROR:process_reader_win.cc(233)] ReadMemory at 0x75000000 of 64 bytes failed: Only part of a ReadProcessMemory or WriteProcessMemory request was completed. (0x12B)
[1107/230547:WARNING:pe_image_reader.cc(281)] could not read dos header from C:\Windows\system32\WINTRUST.dll
[1107/230547:ERROR:process_reader_win.cc(233)] ReadMemory at 0x700e0000 of 64 bytes failed: Only part of a ReadProcessMemory or WriteProcessMemory request was completed. (0x12B)
[1107/230547:WARNING:pe_image_reader.cc(281)] could not read dos header from C:\Windows\SYSTEM32\Secur32.dll
[1107/230547:ERROR:process_reader_win.cc(233)] ReadMemory at 0x74b50000 of 64 bytes failed: Only part of a ReadProcessMemory or WriteProcessMemory request was completed. (0x12B)
[1107/230547:WARNING:pe_image_reader.cc(281)] could not read dos header from C:\Windows\SYSTEM32\SSPICLI.DLL
[1107/230547:ERROR:process_reader_win.cc(233)] ReadMemory at 0xfd30000 of 64 bytes failed: Only part of a ReadProcessMemory or WriteProcessMemory request was completed. (0x12B)
[1107/230547:WARNING:pe_image_reader.cc(281)] could not read dos header from C:\Program Files\Google\Chrome\Application\53.0.2785.143\chrome_child.dll
[1107/230547:ERROR:process_reader_win.cc(233)] ReadMemory at 0x72c10000 of 64 bytes failed: Only part of a ReadProcessMemory or WriteProcessMemory request was completed. (0x12B)
[1107/230547:WARNING:pe_image_reader.cc(281)] could not read dos header from C:\Windows\SYSTEM32\dwrite.dll
[1107/230547:ERROR:process_reader_win.cc(233)] ReadMemory at 0xa70000 of 64 bytes failed: Only part of a ReadProcessMemory or WriteProcessMemory request was completed. (0x12B)
[1107/230547:WARNING:pe_image_reader.cc(281)] could not read dos header from C:\Program Files\Google\Chrome\Application\chrome.exe
[1107/230547:ERROR:process_reader_win.cc(233)] ReadMemory at 0x77780000 of 64 bytes failed: Only part of a ReadProcessMemory or WriteProcessMemory request was completed. (0x12B)
[1107/230547:WARNING:pe_image_reader.cc(281)] could not read dos header from C:\Windows\SYSTEM32\ntdll.dll
[1107/230547:ERROR:process_reader_win.cc(233)] ReadMemory at 0x75050000 of 64 bytes failed: Only part of a ReadProcessMemory or WriteProcessMemory request was completed. (0x12B)
[1107/230547:WARNING:pe_image_reader.cc(281)] could not read dos header from C:\Windows\system32\KERNELBASE.dll
[1107/230547:ERROR:process_reader_win.cc(233)] ReadMemory at 0x76f40000 of 64 bytes failed: Only part of a ReadProcessMemory or WriteProcessMemory request was completed. (0x12B)
[1107/230547:WARNING:pe_image_reader.cc(281)] could not read dos header from C:\Windows\system32\KERNEL32.DLL
[1107/230547:ERROR:process_reader_win.cc(233)] ReadMemory at 0x76bd0000 of 64 bytes failed: Only part of a ReadProcessMemory or WriteProcessMemory request was completed. (0x12B)
[1107/230547:WARNING:pe_image_reader.cc(281)] could not read dos header from C:\Windows\system32\msvcrt.dll
[1107/230547:ERROR:process_reader_win.cc(233)] ReadMemory at 0x751c0000 of 64 bytes failed: Only part of a ReadProcessMemory or WriteProcessMemory request was completed. (0x12B)
[1107/230547:WARNING:pe_image_reader.cc(281)] could not read dos header from C:\Windows\system32\RPCRT4.dll
[1107/230547:ERROR:process_reader_win.cc(233)] ReadMemory at 0x76b90000 of 64 bytes failed: Only part of a ReadProcessMemory or WriteProcessMemory request was completed. (0x12B)
[1107/230547:WARNING:pe_image_reader.cc(281)] could not read dos header from C:\Windows\SYSTEM32\sechost.dll
[1107/230547:ERROR:process_reader_win.cc(233)] ReadMemory at 0x766f0000 of 64 bytes failed: Only part of a ReadProcessMemory or WriteProcessMemory request was completed. (0x12B)
[1107/230547:WARNING:pe_image_reader.cc(281)] could not read dos header from C:\Windows\system32\ADVAPI32.dll
[1107/230547:ERROR:process_reader_win.cc(233)] ReadMemory at 0x58fe0000 of 64 bytes failed: Only part of a ReadProcessMemory or WriteProcessMemory request was completed. (0x12B)
[1107/230547:WARNING:pe_image_reader.cc(281)] could not read dos header from C:\Program Files\Google\Chrome\Application\53.0.2785.143\chrome_elf.dll
[1107/230547:ERROR:process_reader_win.cc(233)] ReadMemory at 0x70b10000 of 64 bytes failed: Only part of a ReadProcessMemory or WriteProcessMemory request was completed. (0x12B)
[1107/230547:WARNING:pe_image_reader.cc(281)] could not read dos header from C:\Windows\SYSTEM32\VERSION.dll
[1107/230547:ERROR:process_reader_win.cc(233)] ReadMemory at 0x76920000 of 64 bytes failed: Only part of a ReadProcessMemory or WriteProcessMemory request was completed. (0x12B)
[1107/230547:WARNING:pe_image_reader.cc(281)] could not read dos header from C:\Windows\system32\GDI32.dll
[1107/230547:ERROR:process_reader_win.cc(233)] ReadMemory at 0x77040000 of 64 bytes failed: Only part of a ReadProcessMemory or WriteProcessMemory request was completed. (0x12B)
[1107/230547:WARNING:pe_image_reader.cc(281)] could not read dos header from C:\Windows\system32\USER32.dll
[1107/230547:ERROR:process_reader_win.cc(233)] ReadMemory at 0x508b0000 of 64 bytes failed: Only part of a ReadProcessMemory or WriteProcessMemory request was completed. (0x12B)
[1107/230547:WARNING:pe_image_reader.cc(281)] could not read dos header from C:\Program Files\Kaspersky Lab\Kaspersky Total Security 17.0.0\inproc_agent.dll
[1107/230547:ERROR:process_reader_win.cc(233)] ReadMemory at 0x54bf0000 of 64 bytes failed: Only part of a ReadProcessMemory or WriteProcessMemory request was completed. (0x12B)
[1107/230547:WARNING:pe_image_reader.cc(281)] could not read dos header from C:\ProgramData\Kaspersky Lab\AVP17.0.0\Bases\klsihk.dll
[1107/230547:ERROR:process_reader_win.cc(233)] ReadMemory at 0x776a0000 of 64 bytes failed: Only part of a ReadProcessMemory or WriteProcessMemory request was completed. (0x12B)
[1107/230547:WARNING:pe_image_reader.cc(281)] could not read dos header from C:\Windows\system32\MSCTF.dll
[1107/230547:ERROR:process_reader_win.cc(233)] ReadMemory at 0x766c0000 of 64 bytes failed: Only part of a ReadProcessMemory or WriteProcessMemory request was completed. (0x12B)
[1107/230547:WARNING:pe_image_reader.cc(281)] could not read dos header from C:\Windows\system32\IMM32.DLL
[1107/230547:ERROR:process_reader_win.cc(233)] ReadMemory at 0x74f90000 of 64 bytes failed: Only part of a ReadProcessMemory or WriteProcessMemory request was completed. (0x12B)
[1107/230547:WARNING:pe_image_reader.cc(281)] could not read dos header from C:\Windows\SYSTEM32\cfgmgr32.dll
[1107/230547:ERROR:process_reader_win.cc(233)] ReadMemory at 0x75110000 of 64 bytes failed: Only part of a ReadProcessMemory or WriteProcessMemory request was completed. (0x12B)
[1107/230547:WARNING:pe_image_reader.cc(281)] could not read dos header from C:\Windows\system32\DEVOBJ.dll
[1107/230547:ERROR:process_reader_win.cc(233)] ReadMemory at 0x697c0000 of 64 bytes failed: Only part of a ReadProcessMemory or WriteProcessMemory request was completed. (0x12B)
[1107/230547:WARNING:pe_image_reader.cc(281)] could not read dos header from C:\Windows\SYSTEM32\WINMMBASE.dll
[1107/230547:ERROR:process_reader_win.cc(233)] ReadMemory at 0x697f0000 of 64 bytes failed: Only part of a ReadProcessMemory or WriteProcessMemory request was completed. (0x12B)
[1107/230547:WARNING:pe_image_reader.cc(281)] could not read dos header from C:\Windows\SYSTEM32\WINMM.dll
[1107/230547:ERROR:process_reader_win.cc(233)] ReadMemory at 0x74dc0000 of 64 bytes failed: Only part of a ReadProcessMemory or WriteProcessMemory request was completed. (0x12B)
[1107/230547:WARNING:pe_image_reader.cc(281)] could not read dos header from C:\Windows\system32\profapi.dll
[1107/230547:ERROR:process_reader_win.cc(233)] ReadMemory at 0x74fe0000 of 64 bytes failed: Only part of a ReadProcessMemory or WriteProcessMemory request was completed. (0x12B)
[1107/230547:WARNING:pe_image_reader.cc(281)] could not read dos header from C:\Windows\system32\USERENV.dll
[1107/230547:ERROR:process_reader_win.cc(233)] ReadMemory at 0x74ca0000 of 64 bytes failed: Only part of a ReadProcessMemory or WriteProcessMemory request was completed. (0x12B)
[1107/230547:WARNING:pe_image_reader.cc(281)] could not read dos header from C:\Windows\SYSTEM32\WTSAPI32.dll
[1107/230547:ERROR:process_reader_win.cc(233)] ReadMemory at 0x76450000 of 64 bytes failed: Only part of a ReadProcessMemory or WriteProcessMemory request was completed. (0x12B)
[1107/230547:WARNING:pe_image_reader.cc(281)] could not read dos header from C:\Windows\SYSTEM32\combase.dll
[1107/230547:ERROR:process_reader_win.cc(233)] ReadMemory at 0x703b0000 of 64 bytes failed: Only part of a ReadProcessMemory or WriteProcessMemory request was completed. (0x12B)
[1107/230547:WARNING:pe_image_reader.cc(281)] could not read dos header from C:\Windows\SYSTEM32\WINHTTP.dll
[1107/230547:ERROR:process_reader_win.cc(233)] ReadMemory at 0x50780000 of 64 bytes failed: Only part of a ReadProcessMemory or WriteProcessMemory request was completed. (0x12B)
[1107/230547:WARNING:pe_image_reader.cc(281)] could not read dos header from C:\Windows\SYSTEM32\dbghelp.dll
[1107/230547:ERROR:process_reader_win.cc(233)] ReadMemory at 0x74b90000 of 64 bytes failed: Only part of a ReadProcessMemory or WriteProcessMemory request was completed. (0x12B)
[1107/230547:WARNING:pe_image_reader.cc(281)] could not read dos header from C:\Windows\SYSTEM32\bcryptPrimitives.dll
[1107/230547:ERROR:process_reader_win.cc(233)] ReadMemory at 0x74bf0000 of 64 bytes failed: Only part of a ReadProcessMemory or WriteProcessMemory request was completed. (0x12B)
[1107/230547:WARNING:pe_image_reader.cc(281)] could not read dos header from C:\Windows\SYSTEM32\CRYPTBASE.dll
[1107/230547:ERROR:process_reader_win.cc(233)] ReadMemory at 0x77260000 of 64 bytes failed: Only part of a ReadProcessMemory or WriteProcessMemory request was completed. (0x12B)
[1107/230547:WARNING:pe_image_reader.cc(281)] could not read dos header from C:\Windows\system32\SHLWAPI.dll
[1107/230547:ERROR:process_reader_win.cc(233)] ReadMemory at 0x75380000 of 64 bytes failed: Only part of a ReadProcessMemory or WriteProcessMemory request was completed. (0x12B)
[1107/230547:WARNING:pe_image_reader.cc(281)] could not read dos header from C:\Windows\system32\SHELL32.dll
[1107/230547:ERROR:process_reader_win.cc(233)] ReadMemory at 0x77160000 of 64 bytes failed: Only part of a ReadProcessMemory or WriteProcessMemory request was completed. (0x12B)
[1107/230547:WARNING:pe_image_reader.cc(281)] could not read dos header from C:\Windows\SYSTEM32\shcore.dll
[1107/230547:ERROR:process_reader_win.cc(233)] ReadMemory at 0x77630000 of 64 bytes failed: Only part of a ReadProcessMemory or WriteProcessMemory request was completed. (0x12B)
[1107/230547:WARNING:pe_image_reader.cc(281)] could not read dos header from C:\Windows\system32\PSAPI.DLL
[1107/230547:ERROR:process_reader_win.cc(233)] ReadMemory at 0x6c420000 of 64 bytes failed: Only part of a ReadProcessMemory or WriteProcessMemory request was completed. (0x12B)
[1107/230547:WARNING:pe_image_reader.cc(281)] could not read dos header from C:\Windows\SYSTEM32\WINSPOOL.DRV
[1107/230547:ERROR:process_reader_win.cc(233)] ReadMemory at 0x73200000 of 64 bytes failed: Only part of a ReadProcessMemory or WriteProcessMemory request was completed. (0x12B)
[1107/230547:WARNING:pe_image_reader.cc(281)] could not read dos header from C:\Windows\WinSxS\x86_microsoft.windows.common-controls_6595b64144ccf1df_6.0.9200.17359_none_8935f06086091acc\COMCTL32.dll
[1107/230547:ERROR:process_reader_win.cc(233)] ReadMemory at 0x752f0000 of 64 bytes failed: Only part of a ReadProcessMemory or WriteProcessMemory request was completed. (0x12B)
[1107/230547:WARNING:pe_image_reader.cc(281)] could not read dos header from C:\Windows\system32\COMDLG32.dll
[1107/230547:ERROR:process_reader_win.cc(233)] ReadMemory at 0x76800000 of 64 bytes failed: Only part of a ReadProcessMemory or WriteProcessMemory request was completed. (0x12B)
[1107/230547:WARNING:pe_image_reader.cc(281)] could not read dos header from C:\Windows\system32\ole32.dll
[1107/230547:ERROR:process_reader_win.cc(233)] ReadMemory at 0x76c90000 of 64 bytes failed: Only part of a ReadProcessMemory or WriteProcessMemory request was completed. (0x12B)
[1107/230547:WARNING:pe_image_reader.cc(281)] could not read dos header from C:\Windows\system32\OLEAUT32.dll
[1107/230547:ERROR:process_reader_win.cc(233)] ReadMemory at 0x77460000 of 64 bytes failed: Only part of a ReadProcessMemory or WriteProcessMemory request was completed. (0x12B)
[1107/230547:WARNING:pe_image_reader.cc(281)] could not read dos header from C:\Windows\system32\NSI.dll
[1107/230547:ERROR:process_reader_win.cc(233)] ReadMemory at 0x71530000 of 64 bytes failed: Only part of a ReadProcessMemory or WriteProcessMemory request was completed. (0x12B)
[1107/230547:WARNING:pe_image_reader.cc(281)] could not read dos header from C:\Windows\SYSTEM32\WINNSI.DLL
[1107/230547:ERROR:process_reader_win.cc(233)] ReadMemory at 0x71560000 of 64 bytes failed: Only part of a ReadProcessMemory or WriteProcessMemory request was completed. (0x12B)
[1107/230547:WARNING:pe_image_reader.cc(281)] could not read dos header from C:\Windows\SYSTEM32\IPHLPAPI.DLL
[1107/230547:ERROR:process_reader_win.cc(233)] ReadMemory at 0x752a0000 of 64 bytes failed: Only part of a ReadProcessMemory or WriteProcessMemory request was completed. (0x12B)
[1107/230547:WARNING:pe_image_reader.cc(281)] could not read dos header from C:\Windows\system32\WS2_32.dll
[1107/230547:ERROR:process_reader_win.cc(233)] ReadMemory at 0x66880000 of 64 bytes failed: Only part of a ReadProcessMemory or WriteProcessMemory request was completed. (0x12B)
[1107/230547:WARNING:pe_image_reader.cc(281)] could not read dos header from C:\Windows\SYSTEM32\USP10.dll
[1107/230547:ERROR:process_reader_win.cc(233)] ReadMemory at 0x74de0000 of 64 bytes failed: Only part of a ReadProcessMemory or WriteProcessMemory request was completed. (0x12B)
[1107/230547:WARNING:pe_image_reader.cc(281)] could not read dos header from C:\Windows\system32\MSASN1.dll
[1107/230547:ERROR:process_reader_win.cc(233)] ReadMemory at 0x74e00000 of 64 bytes failed: Only part of a ReadProcessMemory or WriteProcessMemory request was completed. (0x12B)
[1107/230547:WARNING:pe_image_reader.cc(281)] could not read dos header from C:\Windows\system32\CRYPT32.dll
[1107/230547:ERROR:process_reader_win.cc(233)] ReadMemory at 0x75000000 of 64 bytes failed: Only part of a ReadProcessMemory or WriteProcessMemory request was completed. (0x12B)
[1107/230547:WARNING:pe_image_reader.cc(281)] could not read dos header from C:\Windows\system32\WINTRUST.dll
[1107/230547:ERROR:process_reader_win.cc(233)] ReadMemory at 0x700e0000 of 64 bytes failed: Only part of a ReadProcessMemory or WriteProcessMemory request was completed. (0x12B)
[1107/230547:WARNING:pe_image_reader.cc(281)] could not read dos header from C:\Windows\SYSTEM32\Secur32.dll
[1107/230547:ERROR:process_reader_win.cc(233)] ReadMemory at 0x74b50000 of 64 bytes failed: Only part of a ReadProcessMemory or WriteProcessMemory request was completed. (0x12B)
[1107/230547:WARNING:pe_image_reader.cc(281)] could not read dos header from C:\Windows\SYSTEM32\SSPICLI.DLL
[1107/230547:ERROR:process_reader_win.cc(233)] ReadMemory at 0xfd30000 of 64 bytes failed: Only part of a ReadProcessMemory or WriteProcessMemory request was completed. (0x12B)
[1107/230547:WARNING:pe_image_reader.cc(281)] could not read dos header from C:\Program Files\Google\Chrome\Application\53.0.2785.143\chrome_child.dll
[1107/230547:ERROR:process_reader_win.cc(233)] ReadMemory at 0x72c10000 of 64 bytes failed: Only part of a ReadProcessMemory or WriteProcessMemory request was completed. (0x12B)
[1107/230547:WARNING:pe_image_reader.cc(281)] could not read dos header from C:\Windows\SYSTEM32\dwrite.dll
[1107/230547:ERROR:process_reader_win.cc(233)] ReadMemory at 0xa70000 of 64 bytes failed: Only part of a ReadProcessMemory or WriteProcessMemory request was completed. (0x12B)
[1107/230547:WARNING:pe_image_reader.cc(281)] could not read dos header from C:\Program Files\Google\Chrome\Application\chrome.exe
[1107/230547:ERROR:process_reader_win.cc(233)] ReadMemory at 0x77780000 of 64 bytes failed: Only part of a ReadProcessMemory or WriteProcessMemory request was completed. (0x12B)
[1107/230547:WARNING:pe_image_reader.cc(281)] could not read dos header from C:\Windows\SYSTEM32\ntdll.dll
[1107/230547:ERROR:process_reader_win.cc(233)] ReadMemory at 0x75050000 of 64 bytes failed: Only part of a ReadProcessMemory or WriteProcessMemory request was completed. (0x12B)
[1107/230547:WARNING:pe_image_reader.cc(281)] could not read dos header from C:\Windows\system32\KERNELBASE.dll
[1107/230547:ERROR:process_reader_win.cc(233)] ReadMemory at 0x76f40000 of 64 bytes failed: Only part of a ReadProcessMemory or WriteProcessMemory request was completed. (0x12B)
[1107/230547:WARNING:pe_image_reader.cc(281)] could not read dos header from C:\Windows\system32\KERNEL32.DLL
[1107/230547:ERROR:process_reader_win.cc(233)] ReadMemory at 0x76bd0000 of 64 bytes failed: Only part of a ReadProcessMemory or WriteProcessMemory request was completed. (0x12B)
[1107/230547:WARNING:pe_image_reader.cc(281)] could not read dos header from C:\Windows\system32\msvcrt.dll
[1107/230547:ERROR:process_reader_win.cc(233)] ReadMemory at 0x751c0000 of 64 bytes failed: Only part of a ReadProcessMemory or WriteProcessMemory request was completed. (0x12B)
[1107/230547:WARNING:pe_image_reader.cc(281)] could not read dos header from C:\Windows\system32\RPCRT4.dll
[1107/230547:ERROR:process_reader_win.cc(233)] ReadMemory at 0x76b90000 of 64 bytes failed: Only part of a ReadProcessMemory or WriteProcessMemory request was completed. (0x12B)
[1107/230547:WARNING:pe_image_reader.cc(281)] could not read dos header from C:\Windows\SYSTEM32\sechost.dll
[1107/230547:ERROR:process_reader_win.cc(233)] ReadMemory at 0x766f0000 of 64 bytes failed: Only part of a ReadProcessMemory or WriteProcessMemory request was completed. (0x12B)
[1107/230547:WARNING:pe_image_reader.cc(281)] could not read dos header from C:\Windows\system32\ADVAPI32.dll
[1107/230547:ERROR:process_reader_win.cc(233)] ReadMemory at 0x58fe0000 of 64 bytes failed: Only part of a ReadProcessMemory or WriteProcessMemory request was completed. (0x12B)
[1107/230547:WARNING:pe_image_reader.cc(281)] could not read dos header from C:\Program Files\Google\Chrome\Application\53.0.2785.143\chrome_elf.dll
[1107/230547:ERROR:process_reader_win.cc(233)] ReadMemory at 0x70b10000 of 64 bytes failed: Only part of a ReadProcessMemory or WriteProcessMemory request was completed. (0x12B)
[1107/230547:WARNING:pe_image_reader.cc(281)] could not read dos header from C:\Windows\SYSTEM32\VERSION.dll
[1107/230547:ERROR:process_reader_win.cc(233)] ReadMemory at 0x76920000 of 64 bytes failed: Only part of a ReadProcessMemory or WriteProcessMemory request was completed. (0x12B)
[1107/230547:WARNING:pe_image_reader.cc(281)] could not read dos header from C:\Windows\system32\GDI32.dll
[1107/230547:ERROR:process_reader_win.cc(233)] ReadMemory at 0x77040000 of 64 bytes failed: Only part of a ReadProcessMemory or WriteProcessMemory request was completed. (0x12B)
[1107/230547:WARNING:pe_image_reader.cc(281)] could not read dos header from C:\Windows\system32\USER32.dll
[1107/230547:ERROR:process_reader_win.cc(233)] ReadMemory at 0x508b0000 of 64 bytes failed: Only part of a ReadProcessMemory or WriteProcessMemory request was completed. (0x12B)
[1107/230547:WARNING:pe_image_reader.cc(281)] could not read dos header from C:\Program Files\Kaspersky Lab\Kaspersky Total Security 17.0.0\inproc_agent.dll
[1107/230547:ERROR:process_reader_win.cc(233)] ReadMemory at 0x54bf0000 of 64 bytes failed: Only part of a ReadProcessMemory or WriteProcessMemory request was completed. (0x12B)
[1107/230547:WARNING:pe_image_reader.cc(281)] could not read dos header from C:\ProgramData\Kaspersky Lab\AVP17.0.0\Bases\klsihk.dll
[1107/230547:ERROR:process_reader_win.cc(233)] ReadMemory at 0x776a0000 of 64 bytes failed: Only part of a ReadProcessMemory or WriteProcessMemory request was completed. (0x12B)
[1107/230547:WARNING:pe_image_reader.cc(281)] could not read dos header from C:\Windows\system32\MSCTF.dll
[1107/230547:ERROR:process_reader_win.cc(233)] ReadMemory at 0x766c0000 of 64 bytes failed: Only part of a ReadProcessMemory or WriteProcessMemory request was completed. (0x12B)
[1107/230547:WARNING:pe_image_reader.cc(281)] could not read dos header from C:\Windows\system32\IMM32.DLL
[1107/230547:ERROR:process_reader_win.cc(233)] ReadMemory at 0x74f90000 of 64 bytes failed: Only part of a ReadProcessMemory or WriteProcessMemory request was completed. (0x12B)
[1107/230547:WARNING:pe_image_reader.cc(281)] could not read dos header from C:\Windows\SYSTEM32\cfgmgr32.dll
[1107/230547:ERROR:process_reader_win.cc(233)] ReadMemory at 0x75110000 of 64 bytes failed: Only part of a ReadProcessMemory or WriteProcessMemory request was completed. (0x12B)
[1107/230547:WARNING:pe_image_reader.cc(281)] could not read dos header from C:\Windows\system32\DEVOBJ.dll
[1107/230547:ERROR:process_reader_win.cc(233)] ReadMemory at 0x697c0000 of 64 bytes failed: Only part of a ReadProcessMemory or WriteProcessMemory request was completed. (0x12B)
[1107/230547:WARNING:pe_image_reader.cc(281)] could not read dos header from C:\Windows\SYSTEM32\WINMMBASE.dll
[1107/230547:ERROR:process_reader_win.cc(233)] ReadMemory at 0x697f0000 of 64 bytes failed: Only part of a ReadProcessMemory or WriteProcessMemory request was completed. (0x12B)
[1107/230547:WARNING:pe_image_reader.cc(281)] could not read dos header from C:\Windows\SYSTEM32\WINMM.dll
[1107/230547:ERROR:process_reader_win.cc(233)] ReadMemory at 0x74dc0000 of 64 bytes failed: Only part of a ReadProcessMemory or WriteProcessMemory request was completed. (0x12B)
[1107/230547:WARNING:pe_image_reader.cc(281)] could not read dos header from C:\Windows\system32\profapi.dll
[1107/230547:ERROR:process_reader_win.cc(233)] ReadMemory at 0x74fe0000 of 64 bytes failed: Only part of a ReadProcessMemory or WriteProcessMemory request was completed. (0x12B)
[1107/230547:WARNING:pe_image_reader.cc(281)] could not read dos header from C:\Windows\system32\USERENV.dll
[1107/230547:ERROR:process_reader_win.cc(233)] ReadMemory at 0x74ca0000 of 64 bytes failed: Only part of a ReadProcessMemory or WriteProcessMemory request was completed. (0x12B)
[1107/230547:WARNING:pe_image_reader.cc(281)] could not read dos header from C:\Windows\SYSTEM32\WTSAPI32.dll
[1107/230547:ERROR:process_reader_win.cc(233)] ReadMemory at 0x76450000 of 64 bytes failed: Only part of a ReadProcessMemory or WriteProcessMemory request was completed. (0x12B)
[1107/230547:WARNING:pe_image_reader.cc(281)] could not read dos header from C:\Windows\SYSTEM32\combase.dll
[1107/230547:ERROR:process_reader_win.cc(233)] ReadMemory at 0x703b0000 of 64 bytes failed: Only part of a ReadProcessMemory or WriteProcessMemory request was completed. (0x12B)
[1107/230547:WARNING:pe_image_reader.cc(281)] could not read dos header from C:\Windows\SYSTEM32\WINHTTP.dll
[1107/230547:ERROR:process_reader_win.cc(233)] ReadMemory at 0x50780000 of 64 bytes failed: Only part of a ReadProcessMemory or WriteProcessMemory request was completed. (0x12B)
[1107/230547:WARNING:pe_image_reader.cc(281)] could not read dos header from C:\Windows\SYSTEM32\dbghelp.dll
[1107/230547:ERROR:process_reader_win.cc(233)] ReadMemory at 0x74b90000 of 64 bytes failed: Only part of a ReadProcessMemory or WriteProcessMemory request was completed. (0x12B)
[1107/230547:WARNING:pe_image_reader.cc(281)] could not read dos header from C:\Windows\SYSTEM32\bcryptPrimitives.dll
[1107/230547:ERROR:process_reader_win.cc(233)] ReadMemory at 0x74bf0000 of 64 bytes failed: Only part of a ReadProcessMemory or WriteProcessMemory request was completed. (0x12B)
[1107/230547:WARNING:pe_image_reader.cc(281)] could not read dos header from C:\Windows\SYSTEM32\CRYPTBASE.dll
[1107/230547:ERROR:process_reader_win.cc(233)] ReadMemory at 0x77260000 of 64 bytes failed: Only part of a ReadProcessMemory or WriteProcessMemory request was completed. (0x12B)
[1107/230547:WARNING:pe_image_reader.cc(281)] could not read dos header from C:\Windows\system32\SHLWAPI.dll
[1107/230547:ERROR:process_reader_win.cc(233)] ReadMemory at 0x75380000 of 64 bytes failed: Only part of a ReadProcessMemory or WriteProcessMemory request was completed. (0x12B)
[1107/230547:WARNING:pe_image_reader.cc(281)] could not read dos header from C:\Windows\system32\SHELL32.dll
[1107/230547:ERROR:process_reader_win.cc(233)] ReadMemory at 0x77160000 of 64 bytes failed: Only part of a ReadProcessMemory or WriteProcessMemory request was completed. (0x12B)
[1107/230547:WARNING:pe_image_reader.cc(281)] could not read dos header from C:\Windows\SYSTEM32\shcore.dll
[1107/230547:ERROR:process_reader_win.cc(233)] ReadMemory at 0x77630000 of 64 bytes failed: Only part of a ReadProcessMemory or WriteProcessMemory request was completed. (0x12B)
[1107/230547:WARNING:pe_image_reader.cc(281)] could not read dos header from C:\Windows\system32\PSAPI.DLL
[1107/230547:ERROR:process_reader_win.cc(233)] ReadMemory at 0x6c420000 of 64 bytes failed: Only part of a ReadProcessMemory or WriteProcessMemory request was completed. (0x12B)
[1107/230547:WARNING:pe_image_reader.cc(281)] could not read dos header from C:\Windows\SYSTEM32\WINSPOOL.DRV
[1107/230547:ERROR:process_reader_win.cc(233)] ReadMemory at 0x73200000 of 64 bytes failed: Only part of a ReadProcessMemory or WriteProcessMemory request was completed. (0x12B)
[1107/230547:WARNING:pe_image_reader.cc(281)] could not read dos header from C:\Windows\WinSxS\x86_microsoft.windows.common-controls_6595b64144ccf1df_6.0.9200.17359_none_8935f06086091acc\COMCTL32.dll
[1107/230547:ERROR:process_reader_win.cc(233)] ReadMemory at 0x752f0000 of 64 bytes failed: Only part of a ReadProcessMemory or WriteProcessMemory request was completed. (0x12B)
[1107/230547:WARNING:pe_image_reader.cc(281)] could not read dos header from C:\Windows\system32\COMDLG32.dll
[1107/230547:ERROR:process_reader_win.cc(233)] ReadMemory at 0x76800000 of 64 bytes failed: Only part of a ReadProcessMemory or WriteProcessMemory request was completed. (0x12B)
[1107/230547:WARNING:pe_image_reader.cc(281)] could not read dos header from C:\Windows\system32\ole32.dll
[1107/230547:ERROR:process_reader_win.cc(233)] ReadMemory at 0x76c90000 of 64 bytes failed: Only part of a ReadProcessMemory or WriteProcessMemory request was completed. (0x12B)
[1107/230547:WARNING:pe_image_reader.cc(281)] could not read dos header from C:\Windows\system32\OLEAUT32.dll
[1107/230547:ERROR:process_reader_win.cc(233)] ReadMemory at 0x77460000 of 64 bytes failed: Only part of a ReadProcessMemory or WriteProcessMemory request was completed. (0x12B)
[1107/230547:WARNING:pe_image_reader.cc(281)] could not read dos header from C:\Windows\system32\NSI.dll
[1107/230547:ERROR:process_reader_win.cc(233)] ReadMemory at 0x71530000 of 64 bytes failed: Only part of a ReadProcessMemory or WriteProcessMemory request was completed. (0x12B)
[1107/230547:WARNING:pe_image_reader.cc(281)] could not read dos header from C:\Windows\SYSTEM32\WINNSI.DLL
[1107/230547:ERROR:process_reader_win.cc(233)] ReadMemory at 0x71560000 of 64 bytes failed: Only part of a ReadProcessMemory or WriteProcessMemory request was completed. (0x12B)
[1107/230547:WARNING:pe_image_reader.cc(281)] could not read dos header from C:\Windows\SYSTEM32\IPHLPAPI.DLL
[1107/230547:ERROR:process_reader_win.cc(233)] ReadMemory at 0x752a0000 of 64 bytes failed: Only part of a ReadProcessMemory or WriteProcessMemory request was completed. (0x12B)
[1107/230547:WARNING:pe_image_reader.cc(281)] could not read dos header from C:\Windows\system32\WS2_32.dll
[1107/230547:ERROR:process_reader_win.cc(233)] ReadMemory at 0x66880000 of 64 bytes failed: Only part of a ReadProcessMemory or WriteProcessMemory request was completed. (0x12B)
[1107/230547:WARNING:pe_image_reader.cc(281)] could not read dos header from C:\Windows\SYSTEM32\USP10.dll
[1107/230547:ERROR:process_reader_win.cc(233)] ReadMemory at 0x74de0000 of 64 bytes failed: Only part of a ReadProcessMemory or WriteProcessMemory request was completed. (0x12B)
[1107/230547:WARNING:pe_image_reader.cc(281)] could not read dos header from C:\Windows\system32\MSASN1.dll
[1107/230547:ERROR:process_reader_win.cc(233)] ReadMemory at 0x74e00000 of 64 bytes failed: Only part of a ReadProcessMemory or WriteProcessMemory request was completed. (0x12B)
[1107/230547:WARNING:pe_image_reader.cc(281)] could not read dos header from C:\Windows\system32\CRYPT32.dll
[1107/230547:ERROR:process_reader_win.cc(233)] ReadMemory at 0x75000000 of 64 bytes failed: Only part of a ReadProcessMemory or WriteProcessMemory request was completed. (0x12B)
[1107/230547:WARNING:pe_image_reader.cc(281)] could not read dos header from C:\Windows\system32\WINTRUST.dll
[1107/230547:ERROR:process_reader_win.cc(233)] ReadMemory at 0x700e0000 of 64 bytes failed: Only part of a ReadProcessMemory or WriteProcessMemory request was completed. (0x12B)
[1107/230547:WARNING:pe_image_reader.cc(281)] could not read dos header from C:\Windows\SYSTEM32\Secur32.dll
[1107/230547:ERROR:process_reader_win.cc(233)] ReadMemory at 0x74b50000 of 64 bytes failed: Only part of a ReadProcessMemory or WriteProcessMemory request was completed. (0x12B)
[1107/230547:WARNING:pe_image_reader.cc(281)] could not read dos header from C:\Windows\SYSTEM32\SSPICLI.DLL
[1107/230547:ERROR:process_reader_win.cc(233)] ReadMemory at 0xfd30000 of 64 bytes failed: Only part of a ReadProcessMemory or WriteProcessMemory request was completed. (0x12B)
[1107/230547:WARNING:pe_image_reader.cc(281)] could not read dos header from C:\Program Files\Google\Chrome\Application\53.0.2785.143\chrome_child.dll
[1107/230547:ERROR:process_reader_win.cc(233)] ReadMemory at 0x72c10000 of 64 bytes failed: Only part of a ReadProcessMemory or WriteProcessMemory request was completed. (0x12B)
[1107/230547:WARNING:pe_image_reader.cc(281)] could not read dos header from C:\Windows\SYSTEM32\dwrite.dll
[1107/230547:ERROR:process_reader_win.cc(233)] ReadMemory at 0xf78000 of 98304 bytes failed: Only part of a ReadProcessMemory or WriteProcessMemory request was completed. (0x12B)
[1107/230547:ERROR:crash_report_exception_handler.cc(98)] WriteEverything failed
[1107/230547:ERROR:scoped_process_suspend.cc(38)] NtResumeProcess: An attempt was made to access an exiting process.  (0xc000010a)
